{"/Users/decagon/Desktop/Main-New/mainstack-interview/src/app.ts": {"path":"/Users/decagon/Desktop/Main-New/mainstack-interview/src/app.ts","statementMap":{"0":{"start":{"line":1,"column":0},"end":{"line":1,"column":38}},"1":{"start":{"line":2,"column":0},"end":{"line":2,"column":41}},"2":{"start":{"line":3,"column":0},"end":{"line":3,"column":24}},"3":{"start":{"line":4,"column":0},"end":{"line":4,"column":28}},"4":{"start":{"line":5,"column":0},"end":{"line":5,"column":30}},"5":{"start":{"line":6,"column":0},"end":{"line":6,"column":30}},"6":{"start":{"line":7,"column":0},"end":{"line":7,"column":28}},"7":{"start":{"line":8,"column":0},"end":{"line":8,"column":41}},"8":{"start":{"line":9,"column":0},"end":{"line":9,"column":56}},"9":{"start":{"line":10,"column":0},"end":{"line":10,"column":74}},"10":{"start":{"line":12,"column":13},"end":{"line":12,"column":29}},"11":{"start":{"line":13,"column":0},"end":{"line":13,"column":16}},"12":{"start":{"line":14,"column":0},"end":{"line":14,"column":29}},"13":{"start":{"line":15,"column":0},"end":{"line":15,"column":24}},"14":{"start":{"line":16,"column":0},"end":{"line":16,"column":48}},"15":{"start":{"line":17,"column":0},"end":{"line":17,"column":24}},"16":{"start":{"line":18,"column":0},"end":{"line":18,"column":16}},"17":{"start":{"line":19,"column":0},"end":{"line":19,"column":18}},"18":{"start":{"line":20,"column":0},"end":{"line":20,"column":23}},"19":{"start":{"line":22,"column":0},"end":{"line":22,"column":20}},"20":{"start":{"line":24,"column":0},"end":{"line":24,"column":29}},"21":{"start":{"line":25,"column":0},"end":{"line":25,"column":20}},"22":{"start":{"line":26,"column":0},"end":{"line":26,"column":23}},"23":{"start":{"line":28,"column":0},"end":{"line":30,"column":3}},"24":{"start":{"line":29,"column":2},"end":{"line":29,"column":28}},"25":{"start":{"line":32,"column":0},"end":{"line":32,"column":22}}},"fnMap":{"0":{"name":"(anonymous_1)","decl":{"start":{"line":28,"column":13},"end":{"line":28,"column":18}},"loc":{"start":{"line":28,"column":24},"end":{"line":30,"column":1}}}},"branchMap":{},"s":{"0":3,"1":3,"2":3,"3":3,"4":3,"5":3,"6":3,"7":3,"8":3,"9":3,"10":3,"11":3,"12":3,"13":3,"14":3,"15":3,"16":3,"17":3,"18":3,"19":3,"20":3,"21":3,"22":3,"23":3,"24":0,"25":3},"f":{"0":0},"b":{}}
,"/Users/decagon/Desktop/Main-New/mainstack-interview/src/DTO/Product.dto.ts": {"path":"/Users/decagon/Desktop/Main-New/mainstack-interview/src/DTO/Product.dto.ts","statementMap":{"0":{"start":{"line":1,"column":0},"end":{"line":1,"column":null}},"1":{"start":{"line":2,"column":2},"end":{"line":2,"column":null}},"2":{"start":{"line":3,"column":2},"end":{"line":3,"column":null}},"3":{"start":{"line":4,"column":2},"end":{"line":4,"column":null}},"4":{"start":{"line":5,"column":2},"end":{"line":5,"column":null}},"5":{"start":{"line":6,"column":2},"end":{"line":6,"column":null}}},"fnMap":{"0":{"name":"(anonymous_0)","decl":{"start":{"line":1,"column":0},"end":{"line":1,"column":12}},"loc":{"start":{"line":1,"column":25},"end":{"line":7,"column":1}}}},"branchMap":{"0":{"loc":{"start":{"line":1,"column":12},"end":{"line":1,"column":null}},"type":"binary-expr","locations":[{"start":{"line":1,"column":12},"end":{"line":1,"column":25}},{"start":{"line":1,"column":25},"end":{"line":1,"column":null}}]}},"s":{"0":3,"1":3,"2":3,"3":3,"4":3,"5":3},"f":{"0":3},"b":{"0":[3,3]}}
,"/Users/decagon/Desktop/Main-New/mainstack-interview/src/DTO/User.dto.ts": {"path":"/Users/decagon/Desktop/Main-New/mainstack-interview/src/DTO/User.dto.ts","statementMap":{"0":{"start":{"line":7,"column":0},"end":{"line":7,"column":null}},"1":{"start":{"line":8,"column":2},"end":{"line":8,"column":null}},"2":{"start":{"line":9,"column":2},"end":{"line":9,"column":null}},"3":{"start":{"line":10,"column":2},"end":{"line":10,"column":null}},"4":{"start":{"line":11,"column":2},"end":{"line":11,"column":null}},"5":{"start":{"line":12,"column":2},"end":{"line":12,"column":null}}},"fnMap":{"0":{"name":"(anonymous_0)","decl":{"start":{"line":7,"column":0},"end":{"line":7,"column":12}},"loc":{"start":{"line":7,"column":22},"end":{"line":13,"column":1}}}},"branchMap":{"0":{"loc":{"start":{"line":7,"column":12},"end":{"line":7,"column":null}},"type":"binary-expr","locations":[{"start":{"line":7,"column":12},"end":{"line":7,"column":22}},{"start":{"line":7,"column":22},"end":{"line":7,"column":null}}]}},"s":{"0":3,"1":3,"2":3,"3":3,"4":3,"5":3},"f":{"0":3},"b":{"0":[3,3]}}
,"/Users/decagon/Desktop/Main-New/mainstack-interview/src/DTO/index.ts": {"path":"/Users/decagon/Desktop/Main-New/mainstack-interview/src/DTO/index.ts","statementMap":{"0":{"start":{"line":1,"column":0},"end":{"line":1,"column":27}},"1":{"start":{"line":2,"column":0},"end":{"line":2,"column":27}},"2":{"start":{"line":3,"column":0},"end":{"line":3,"column":30}}},"fnMap":{},"branchMap":{},"s":{"0":3,"1":3,"2":3},"f":{},"b":{}}
,"/Users/decagon/Desktop/Main-New/mainstack-interview/src/config/Database.ts": {"path":"/Users/decagon/Desktop/Main-New/mainstack-interview/src/config/Database.ts","statementMap":{"0":{"start":{"line":1,"column":0},"end":{"line":1,"column":32}},"1":{"start":{"line":2,"column":0},"end":{"line":2,"column":34}},"2":{"start":{"line":3,"column":0},"end":{"line":3,"column":28}},"3":{"start":{"line":5,"column":0},"end":{"line":5,"column":16}},"4":{"start":{"line":6,"column":0},"end":{"line":6,"column":34}},"5":{"start":{"line":8,"column":25},"end":{"line":13,"column":1}},"6":{"start":{"line":9,"column":2},"end":{"line":12,"column":38}},"7":{"start":{"line":11,"column":16},"end":{"line":11,"column":43}},"8":{"start":{"line":12,"column":20},"end":{"line":12,"column":36}},"9":{"start":{"line":8,"column":13},"end":{"line":8,"column":25}}},"fnMap":{"0":{"name":"(anonymous_1)","decl":{"start":{"line":8,"column":25},"end":{"line":8,"column":28}},"loc":{"start":{"line":8,"column":30},"end":{"line":13,"column":1}}},"1":{"name":"(anonymous_2)","decl":{"start":{"line":11,"column":10},"end":{"line":11,"column":13}},"loc":{"start":{"line":11,"column":16},"end":{"line":11,"column":43}}},"2":{"name":"(anonymous_3)","decl":{"start":{"line":12,"column":11},"end":{"line":12,"column":12}},"loc":{"start":{"line":12,"column":20},"end":{"line":12,"column":36}}}},"branchMap":{},"s":{"0":2,"1":2,"2":2,"3":2,"4":2,"5":2,"6":3,"7":3,"8":0,"9":2},"f":{"0":3,"1":3,"2":0},"b":{}}
,"/Users/decagon/Desktop/Main-New/mainstack-interview/src/config/index.ts": {"path":"/Users/decagon/Desktop/Main-New/mainstack-interview/src/config/index.ts","statementMap":{"0":{"start":{"line":1,"column":0},"end":{"line":1,"column":27}}},"fnMap":{},"branchMap":{},"s":{"0":2},"f":{},"b":{}}
,"/Users/decagon/Desktop/Main-New/mainstack-interview/src/controller/index.ts": {"path":"/Users/decagon/Desktop/Main-New/mainstack-interview/src/controller/index.ts","statementMap":{"0":{"start":{"line":1,"column":0},"end":{"line":1,"column":33}},"1":{"start":{"line":2,"column":0},"end":{"line":2,"column":36}}},"fnMap":{},"branchMap":{},"s":{"0":3,"1":3},"f":{},"b":{}}
,"/Users/decagon/Desktop/Main-New/mainstack-interview/src/controller/productController.ts": {"path":"/Users/decagon/Desktop/Main-New/mainstack-interview/src/controller/productController.ts","statementMap":{"0":{"start":{"line":2,"column":0},"end":{"line":2,"column":41}},"1":{"start":{"line":3,"column":0},"end":{"line":3,"column":35}},"2":{"start":{"line":4,"column":0},"end":{"line":4,"column":34}},"3":{"start":{"line":6,"column":29},"end":{"line":38,"column":1}},"4":{"start":{"line":7,"column":2},"end":{"line":37,"column":3}},"5":{"start":{"line":8,"column":17},"end":{"line":8,"column":32}},"6":{"start":{"line":9,"column":4},"end":{"line":9,"column":72}},"7":{"start":{"line":9,"column":15},"end":{"line":9,"column":72}},"8":{"start":{"line":10,"column":4},"end":{"line":33,"column":5}},"9":{"start":{"line":11,"column":23},"end":{"line":11,"column":52}},"10":{"start":{"line":12,"column":6},"end":{"line":12,"column":80}},"11":{"start":{"line":12,"column":21},"end":{"line":12,"column":80}},"12":{"start":{"line":13,"column":6},"end":{"line":17,"column":11}},"13":{"start":{"line":14,"column":8},"end":{"line":17,"column":11}},"14":{"start":{"line":18,"column":70},"end":{"line":18,"column":78}},"15":{"start":{"line":19,"column":22},"end":{"line":27,"column":8}},"16":{"start":{"line":28,"column":6},"end":{"line":32,"column":9}},"17":{"start":{"line":35,"column":4},"end":{"line":35,"column":24}},"18":{"start":{"line":36,"column":4},"end":{"line":36,"column":32}},"19":{"start":{"line":6,"column":13},"end":{"line":6,"column":29}},"20":{"start":{"line":40,"column":27},"end":{"line":65,"column":1}},"21":{"start":{"line":41,"column":2},"end":{"line":64,"column":3}},"22":{"start":{"line":42,"column":17},"end":{"line":42,"column":32}},"23":{"start":{"line":43,"column":4},"end":{"line":43,"column":72}},"24":{"start":{"line":43,"column":15},"end":{"line":43,"column":72}},"25":{"start":{"line":44,"column":4},"end":{"line":60,"column":5}},"26":{"start":{"line":45,"column":23},"end":{"line":45,"column":52}},"27":{"start":{"line":46,"column":6},"end":{"line":46,"column":80}},"28":{"start":{"line":46,"column":21},"end":{"line":46,"column":80}},"29":{"start":{"line":47,"column":6},"end":{"line":51,"column":11}},"30":{"start":{"line":48,"column":8},"end":{"line":51,"column":11}},"31":{"start":{"line":52,"column":23},"end":{"line":54,"column":8}},"32":{"start":{"line":55,"column":6},"end":{"line":59,"column":9}},"33":{"start":{"line":62,"column":4},"end":{"line":62,"column":24}},"34":{"start":{"line":63,"column":4},"end":{"line":63,"column":32}},"35":{"start":{"line":40,"column":13},"end":{"line":40,"column":27}},"36":{"start":{"line":67,"column":30},"end":{"line":96,"column":1}},"37":{"start":{"line":68,"column":2},"end":{"line":95,"column":3}},"38":{"start":{"line":69,"column":17},"end":{"line":69,"column":32}},"39":{"start":{"line":70,"column":4},"end":{"line":70,"column":72}},"40":{"start":{"line":70,"column":15},"end":{"line":70,"column":72}},"41":{"start":{"line":71,"column":4},"end":{"line":91,"column":5}},"42":{"start":{"line":72,"column":23},"end":{"line":72,"column":52}},"43":{"start":{"line":73,"column":6},"end":{"line":73,"column":80}},"44":{"start":{"line":73,"column":21},"end":{"line":73,"column":80}},"45":{"start":{"line":74,"column":6},"end":{"line":78,"column":11}},"46":{"start":{"line":75,"column":8},"end":{"line":78,"column":11}},"47":{"start":{"line":79,"column":28},"end":{"line":79,"column":38}},"48":{"start":{"line":80,"column":22},"end":{"line":83,"column":8}},"49":{"start":{"line":84,"column":6},"end":{"line":85,"column":70}},"50":{"start":{"line":85,"column":8},"end":{"line":85,"column":70}},"51":{"start":{"line":86,"column":6},"end":{"line":90,"column":9}},"52":{"start":{"line":93,"column":4},"end":{"line":93,"column":24}},"53":{"start":{"line":94,"column":4},"end":{"line":94,"column":39}},"54":{"start":{"line":67,"column":13},"end":{"line":67,"column":30}},"55":{"start":{"line":98,"column":33},"end":{"line":137,"column":1}},"56":{"start":{"line":99,"column":2},"end":{"line":136,"column":3}},"57":{"start":{"line":100,"column":17},"end":{"line":100,"column":32}},"58":{"start":{"line":101,"column":4},"end":{"line":101,"column":72}},"59":{"start":{"line":101,"column":15},"end":{"line":101,"column":72}},"60":{"start":{"line":102,"column":4},"end":{"line":132,"column":5}},"61":{"start":{"line":103,"column":23},"end":{"line":103,"column":52}},"62":{"start":{"line":104,"column":6},"end":{"line":104,"column":80}},"63":{"start":{"line":104,"column":21},"end":{"line":104,"column":80}},"64":{"start":{"line":105,"column":6},"end":{"line":109,"column":11}},"65":{"start":{"line":106,"column":8},"end":{"line":109,"column":11}},"66":{"start":{"line":110,"column":28},"end":{"line":110,"column":38}},"67":{"start":{"line":111,"column":22},"end":{"line":114,"column":8}},"68":{"start":{"line":115,"column":6},"end":{"line":116,"column":70}},"69":{"start":{"line":116,"column":8},"end":{"line":116,"column":70}},"70":{"start":{"line":117,"column":60},"end":{"line":117,"column":68}},"71":{"start":{"line":118,"column":6},"end":{"line":127,"column":8}},"72":{"start":{"line":128,"column":6},"end":{"line":131,"column":9}},"73":{"start":{"line":134,"column":4},"end":{"line":134,"column":24}},"74":{"start":{"line":135,"column":4},"end":{"line":135,"column":39}},"75":{"start":{"line":98,"column":13},"end":{"line":98,"column":33}},"76":{"start":{"line":139,"column":33},"end":{"line":168,"column":1}},"77":{"start":{"line":140,"column":2},"end":{"line":167,"column":3}},"78":{"start":{"line":141,"column":17},"end":{"line":141,"column":32}},"79":{"start":{"line":142,"column":4},"end":{"line":142,"column":72}},"80":{"start":{"line":142,"column":15},"end":{"line":142,"column":72}},"81":{"start":{"line":143,"column":4},"end":{"line":163,"column":5}},"82":{"start":{"line":144,"column":23},"end":{"line":144,"column":52}},"83":{"start":{"line":145,"column":6},"end":{"line":145,"column":80}},"84":{"start":{"line":145,"column":21},"end":{"line":145,"column":80}},"85":{"start":{"line":146,"column":6},"end":{"line":150,"column":11}},"86":{"start":{"line":147,"column":8},"end":{"line":150,"column":11}},"87":{"start":{"line":151,"column":28},"end":{"line":151,"column":38}},"88":{"start":{"line":152,"column":22},"end":{"line":155,"column":8}},"89":{"start":{"line":156,"column":6},"end":{"line":157,"column":70}},"90":{"start":{"line":157,"column":8},"end":{"line":157,"column":70}},"91":{"start":{"line":158,"column":6},"end":{"line":158,"column":50}},"92":{"start":{"line":159,"column":6},"end":{"line":162,"column":9}},"93":{"start":{"line":165,"column":4},"end":{"line":165,"column":24}},"94":{"start":{"line":166,"column":4},"end":{"line":166,"column":39}},"95":{"start":{"line":139,"column":13},"end":{"line":139,"column":33}},"96":{"start":{"line":170,"column":29},"end":{"line":197,"column":1}},"97":{"start":{"line":171,"column":2},"end":{"line":196,"column":3}},"98":{"start":{"line":172,"column":17},"end":{"line":172,"column":32}},"99":{"start":{"line":173,"column":4},"end":{"line":173,"column":72}},"100":{"start":{"line":173,"column":15},"end":{"line":173,"column":72}},"101":{"start":{"line":174,"column":4},"end":{"line":192,"column":5}},"102":{"start":{"line":175,"column":23},"end":{"line":175,"column":52}},"103":{"start":{"line":176,"column":6},"end":{"line":176,"column":80}},"104":{"start":{"line":176,"column":21},"end":{"line":176,"column":80}},"105":{"start":{"line":177,"column":6},"end":{"line":181,"column":11}},"106":{"start":{"line":178,"column":8},"end":{"line":181,"column":11}},"107":{"start":{"line":182,"column":25},"end":{"line":182,"column":34}},"108":{"start":{"line":183,"column":23},"end":{"line":186,"column":8}},"109":{"start":{"line":187,"column":6},"end":{"line":191,"column":9}},"110":{"start":{"line":194,"column":4},"end":{"line":194,"column":24}},"111":{"start":{"line":195,"column":4},"end":{"line":195,"column":39}},"112":{"start":{"line":170,"column":13},"end":{"line":170,"column":29}},"113":{"start":{"line":199,"column":29},"end":{"line":226,"column":1}},"114":{"start":{"line":200,"column":2},"end":{"line":225,"column":3}},"115":{"start":{"line":201,"column":17},"end":{"line":201,"column":32}},"116":{"start":{"line":202,"column":4},"end":{"line":202,"column":72}},"117":{"start":{"line":202,"column":15},"end":{"line":202,"column":72}},"118":{"start":{"line":203,"column":4},"end":{"line":221,"column":5}},"119":{"start":{"line":204,"column":23},"end":{"line":204,"column":52}},"120":{"start":{"line":205,"column":6},"end":{"line":205,"column":80}},"121":{"start":{"line":205,"column":21},"end":{"line":205,"column":80}},"122":{"start":{"line":206,"column":6},"end":{"line":210,"column":11}},"123":{"start":{"line":207,"column":8},"end":{"line":210,"column":11}},"124":{"start":{"line":211,"column":25},"end":{"line":211,"column":34}},"125":{"start":{"line":212,"column":23},"end":{"line":215,"column":8}},"126":{"start":{"line":216,"column":6},"end":{"line":220,"column":9}},"127":{"start":{"line":223,"column":4},"end":{"line":223,"column":24}},"128":{"start":{"line":224,"column":4},"end":{"line":224,"column":39}},"129":{"start":{"line":199,"column":13},"end":{"line":199,"column":29}},"130":{"start":{"line":228,"column":27},"end":{"line":260,"column":1}},"131":{"start":{"line":229,"column":2},"end":{"line":259,"column":3}},"132":{"start":{"line":230,"column":17},"end":{"line":230,"column":32}},"133":{"start":{"line":231,"column":4},"end":{"line":231,"column":72}},"134":{"start":{"line":231,"column":15},"end":{"line":231,"column":72}},"135":{"start":{"line":233,"column":21},"end":{"line":233,"column":50}},"136":{"start":{"line":234,"column":4},"end":{"line":234,"column":78}},"137":{"start":{"line":234,"column":19},"end":{"line":234,"column":78}},"138":{"start":{"line":235,"column":4},"end":{"line":239,"column":9}},"139":{"start":{"line":236,"column":6},"end":{"line":239,"column":9}},"140":{"start":{"line":241,"column":21},"end":{"line":241,"column":30}},"141":{"start":{"line":242,"column":57},"end":{"line":242,"column":59}},"142":{"start":{"line":243,"column":4},"end":{"line":245,"column":5}},"143":{"start":{"line":244,"column":6},"end":{"line":244,"column":36}},"144":{"start":{"line":247,"column":21},"end":{"line":249,"column":24}},"145":{"start":{"line":251,"column":4},"end":{"line":255,"column":7}},"146":{"start":{"line":257,"column":4},"end":{"line":257,"column":24}},"147":{"start":{"line":258,"column":4},"end":{"line":258,"column":39}},"148":{"start":{"line":228,"column":13},"end":{"line":228,"column":27}},"149":{"start":{"line":262,"column":31},"end":{"line":293,"column":1}},"150":{"start":{"line":263,"column":2},"end":{"line":292,"column":3}},"151":{"start":{"line":264,"column":17},"end":{"line":264,"column":32}},"152":{"start":{"line":265,"column":4},"end":{"line":265,"column":72}},"153":{"start":{"line":265,"column":15},"end":{"line":265,"column":72}},"154":{"start":{"line":267,"column":21},"end":{"line":267,"column":50}},"155":{"start":{"line":268,"column":4},"end":{"line":268,"column":78}},"156":{"start":{"line":268,"column":19},"end":{"line":268,"column":78}},"157":{"start":{"line":269,"column":4},"end":{"line":273,"column":9}},"158":{"start":{"line":270,"column":6},"end":{"line":273,"column":9}},"159":{"start":{"line":275,"column":17},"end":{"line":275,"column":72}},"160":{"start":{"line":276,"column":18},"end":{"line":276,"column":76}},"161":{"start":{"line":278,"column":21},"end":{"line":282,"column":31}},"162":{"start":{"line":284,"column":4},"end":{"line":288,"column":7}},"163":{"start":{"line":290,"column":4},"end":{"line":290,"column":24}},"164":{"start":{"line":291,"column":4},"end":{"line":291,"column":39}},"165":{"start":{"line":262,"column":13},"end":{"line":262,"column":31}},"166":{"start":{"line":295,"column":35},"end":{"line":321,"column":1}},"167":{"start":{"line":296,"column":2},"end":{"line":320,"column":3}},"168":{"start":{"line":297,"column":17},"end":{"line":297,"column":32}},"169":{"start":{"line":298,"column":4},"end":{"line":298,"column":72}},"170":{"start":{"line":298,"column":15},"end":{"line":298,"column":72}},"171":{"start":{"line":300,"column":21},"end":{"line":300,"column":50}},"172":{"start":{"line":301,"column":4},"end":{"line":301,"column":78}},"173":{"start":{"line":301,"column":19},"end":{"line":301,"column":78}},"174":{"start":{"line":302,"column":4},"end":{"line":306,"column":9}},"175":{"start":{"line":303,"column":6},"end":{"line":306,"column":9}},"176":{"start":{"line":307,"column":23},"end":{"line":307,"column":32}},"177":{"start":{"line":308,"column":21},"end":{"line":310,"column":null}},"178":{"start":{"line":312,"column":4},"end":{"line":316,"column":7}},"179":{"start":{"line":318,"column":4},"end":{"line":318,"column":24}},"180":{"start":{"line":319,"column":4},"end":{"line":319,"column":39}},"181":{"start":{"line":295,"column":13},"end":{"line":295,"column":35}},"182":{"start":{"line":323,"column":35},"end":{"line":347,"column":1}},"183":{"start":{"line":324,"column":2},"end":{"line":346,"column":3}},"184":{"start":{"line":325,"column":17},"end":{"line":325,"column":32}},"185":{"start":{"line":326,"column":4},"end":{"line":326,"column":72}},"186":{"start":{"line":326,"column":15},"end":{"line":326,"column":72}},"187":{"start":{"line":328,"column":21},"end":{"line":328,"column":50}},"188":{"start":{"line":329,"column":4},"end":{"line":329,"column":78}},"189":{"start":{"line":329,"column":19},"end":{"line":329,"column":78}},"190":{"start":{"line":330,"column":4},"end":{"line":334,"column":9}},"191":{"start":{"line":331,"column":6},"end":{"line":334,"column":9}},"192":{"start":{"line":336,"column":26},"end":{"line":336,"column":36}},"193":{"start":{"line":337,"column":23},"end":{"line":337,"column":31}},"194":{"start":{"line":338,"column":4},"end":{"line":338,"column":60}},"195":{"start":{"line":339,"column":4},"end":{"line":342,"column":7}},"196":{"start":{"line":344,"column":4},"end":{"line":344,"column":24}},"197":{"start":{"line":345,"column":4},"end":{"line":345,"column":39}},"198":{"start":{"line":323,"column":13},"end":{"line":323,"column":35}},"199":{"start":{"line":349,"column":37},"end":{"line":378,"column":1}},"200":{"start":{"line":350,"column":2},"end":{"line":377,"column":3}},"201":{"start":{"line":351,"column":17},"end":{"line":351,"column":32}},"202":{"start":{"line":352,"column":4},"end":{"line":352,"column":72}},"203":{"start":{"line":352,"column":15},"end":{"line":352,"column":72}},"204":{"start":{"line":354,"column":21},"end":{"line":354,"column":50}},"205":{"start":{"line":355,"column":4},"end":{"line":355,"column":78}},"206":{"start":{"line":355,"column":19},"end":{"line":355,"column":78}},"207":{"start":{"line":356,"column":4},"end":{"line":360,"column":9}},"208":{"start":{"line":357,"column":6},"end":{"line":360,"column":9}},"209":{"start":{"line":361,"column":25},"end":{"line":361,"column":34}},"210":{"start":{"line":362,"column":4},"end":{"line":366,"column":5}},"211":{"start":{"line":363,"column":6},"end":{"line":365,"column":61}},"212":{"start":{"line":367,"column":21},"end":{"line":367,"column":53}},"213":{"start":{"line":369,"column":4},"end":{"line":373,"column":7}},"214":{"start":{"line":375,"column":4},"end":{"line":375,"column":25}},"215":{"start":{"line":376,"column":4},"end":{"line":376,"column":70}},"216":{"start":{"line":349,"column":13},"end":{"line":349,"column":37}}},"fnMap":{"0":{"name":"(anonymous_0)","decl":{"start":{"line":6,"column":29},"end":{"line":6,"column":34}},"loc":{"start":{"line":6,"column":67},"end":{"line":38,"column":1}}},"1":{"name":"(anonymous_1)","decl":{"start":{"line":40,"column":27},"end":{"line":40,"column":32}},"loc":{"start":{"line":40,"column":65},"end":{"line":65,"column":1}}},"2":{"name":"(anonymous_2)","decl":{"start":{"line":67,"column":30},"end":{"line":67,"column":35}},"loc":{"start":{"line":67,"column":68},"end":{"line":96,"column":1}}},"3":{"name":"(anonymous_3)","decl":{"start":{"line":98,"column":33},"end":{"line":98,"column":38}},"loc":{"start":{"line":98,"column":71},"end":{"line":137,"column":1}}},"4":{"name":"(anonymous_4)","decl":{"start":{"line":139,"column":33},"end":{"line":139,"column":38}},"loc":{"start":{"line":139,"column":71},"end":{"line":168,"column":1}}},"5":{"name":"(anonymous_5)","decl":{"start":{"line":170,"column":29},"end":{"line":170,"column":34}},"loc":{"start":{"line":170,"column":67},"end":{"line":197,"column":1}}},"6":{"name":"(anonymous_6)","decl":{"start":{"line":199,"column":29},"end":{"line":199,"column":34}},"loc":{"start":{"line":199,"column":67},"end":{"line":226,"column":1}}},"7":{"name":"(anonymous_7)","decl":{"start":{"line":228,"column":27},"end":{"line":228,"column":32}},"loc":{"start":{"line":228,"column":65},"end":{"line":260,"column":1}}},"8":{"name":"(anonymous_8)","decl":{"start":{"line":262,"column":31},"end":{"line":262,"column":36}},"loc":{"start":{"line":262,"column":69},"end":{"line":293,"column":1}}},"9":{"name":"(anonymous_9)","decl":{"start":{"line":295,"column":35},"end":{"line":295,"column":40}},"loc":{"start":{"line":295,"column":73},"end":{"line":321,"column":1}}},"10":{"name":"(anonymous_10)","decl":{"start":{"line":323,"column":35},"end":{"line":323,"column":40}},"loc":{"start":{"line":323,"column":73},"end":{"line":347,"column":1}}},"11":{"name":"(anonymous_11)","decl":{"start":{"line":349,"column":37},"end":{"line":349,"column":42}},"loc":{"start":{"line":349,"column":75},"end":{"line":378,"column":1}}}},"branchMap":{"0":{"loc":{"start":{"line":9,"column":4},"end":{"line":9,"column":72}},"type":"if","locations":[{"start":{"line":9,"column":4},"end":{"line":9,"column":72}}]},"1":{"loc":{"start":{"line":10,"column":4},"end":{"line":33,"column":5}},"type":"if","locations":[{"start":{"line":10,"column":4},"end":{"line":33,"column":5}}]},"2":{"loc":{"start":{"line":12,"column":6},"end":{"line":12,"column":80}},"type":"if","locations":[{"start":{"line":12,"column":6},"end":{"line":12,"column":80}}]},"3":{"loc":{"start":{"line":13,"column":6},"end":{"line":17,"column":11}},"type":"if","locations":[{"start":{"line":13,"column":6},"end":{"line":17,"column":11}}]},"4":{"loc":{"start":{"line":43,"column":4},"end":{"line":43,"column":72}},"type":"if","locations":[{"start":{"line":43,"column":4},"end":{"line":43,"column":72}}]},"5":{"loc":{"start":{"line":44,"column":4},"end":{"line":60,"column":5}},"type":"if","locations":[{"start":{"line":44,"column":4},"end":{"line":60,"column":5}}]},"6":{"loc":{"start":{"line":46,"column":6},"end":{"line":46,"column":80}},"type":"if","locations":[{"start":{"line":46,"column":6},"end":{"line":46,"column":80}}]},"7":{"loc":{"start":{"line":47,"column":6},"end":{"line":51,"column":11}},"type":"if","locations":[{"start":{"line":47,"column":6},"end":{"line":51,"column":11}}]},"8":{"loc":{"start":{"line":70,"column":4},"end":{"line":70,"column":72}},"type":"if","locations":[{"start":{"line":70,"column":4},"end":{"line":70,"column":72}}]},"9":{"loc":{"start":{"line":71,"column":4},"end":{"line":91,"column":5}},"type":"if","locations":[{"start":{"line":71,"column":4},"end":{"line":91,"column":5}}]},"10":{"loc":{"start":{"line":73,"column":6},"end":{"line":73,"column":80}},"type":"if","locations":[{"start":{"line":73,"column":6},"end":{"line":73,"column":80}}]},"11":{"loc":{"start":{"line":74,"column":6},"end":{"line":78,"column":11}},"type":"if","locations":[{"start":{"line":74,"column":6},"end":{"line":78,"column":11}}]},"12":{"loc":{"start":{"line":84,"column":6},"end":{"line":85,"column":70}},"type":"if","locations":[{"start":{"line":84,"column":6},"end":{"line":85,"column":70}}]},"13":{"loc":{"start":{"line":101,"column":4},"end":{"line":101,"column":72}},"type":"if","locations":[{"start":{"line":101,"column":4},"end":{"line":101,"column":72}}]},"14":{"loc":{"start":{"line":102,"column":4},"end":{"line":132,"column":5}},"type":"if","locations":[{"start":{"line":102,"column":4},"end":{"line":132,"column":5}}]},"15":{"loc":{"start":{"line":104,"column":6},"end":{"line":104,"column":80}},"type":"if","locations":[{"start":{"line":104,"column":6},"end":{"line":104,"column":80}}]},"16":{"loc":{"start":{"line":105,"column":6},"end":{"line":109,"column":11}},"type":"if","locations":[{"start":{"line":105,"column":6},"end":{"line":109,"column":11}}]},"17":{"loc":{"start":{"line":115,"column":6},"end":{"line":116,"column":70}},"type":"if","locations":[{"start":{"line":115,"column":6},"end":{"line":116,"column":70}}]},"18":{"loc":{"start":{"line":142,"column":4},"end":{"line":142,"column":72}},"type":"if","locations":[{"start":{"line":142,"column":4},"end":{"line":142,"column":72}}]},"19":{"loc":{"start":{"line":143,"column":4},"end":{"line":163,"column":5}},"type":"if","locations":[{"start":{"line":143,"column":4},"end":{"line":163,"column":5}}]},"20":{"loc":{"start":{"line":145,"column":6},"end":{"line":145,"column":80}},"type":"if","locations":[{"start":{"line":145,"column":6},"end":{"line":145,"column":80}}]},"21":{"loc":{"start":{"line":146,"column":6},"end":{"line":150,"column":11}},"type":"if","locations":[{"start":{"line":146,"column":6},"end":{"line":150,"column":11}}]},"22":{"loc":{"start":{"line":156,"column":6},"end":{"line":157,"column":70}},"type":"if","locations":[{"start":{"line":156,"column":6},"end":{"line":157,"column":70}}]},"23":{"loc":{"start":{"line":173,"column":4},"end":{"line":173,"column":72}},"type":"if","locations":[{"start":{"line":173,"column":4},"end":{"line":173,"column":72}}]},"24":{"loc":{"start":{"line":174,"column":4},"end":{"line":192,"column":5}},"type":"if","locations":[{"start":{"line":174,"column":4},"end":{"line":192,"column":5}}]},"25":{"loc":{"start":{"line":176,"column":6},"end":{"line":176,"column":80}},"type":"if","locations":[{"start":{"line":176,"column":6},"end":{"line":176,"column":80}}]},"26":{"loc":{"start":{"line":177,"column":6},"end":{"line":181,"column":11}},"type":"if","locations":[{"start":{"line":177,"column":6},"end":{"line":181,"column":11}}]},"27":{"loc":{"start":{"line":202,"column":4},"end":{"line":202,"column":72}},"type":"if","locations":[{"start":{"line":202,"column":4},"end":{"line":202,"column":72}}]},"28":{"loc":{"start":{"line":203,"column":4},"end":{"line":221,"column":5}},"type":"if","locations":[{"start":{"line":203,"column":4},"end":{"line":221,"column":5}}]},"29":{"loc":{"start":{"line":205,"column":6},"end":{"line":205,"column":80}},"type":"if","locations":[{"start":{"line":205,"column":6},"end":{"line":205,"column":80}}]},"30":{"loc":{"start":{"line":206,"column":6},"end":{"line":210,"column":11}},"type":"if","locations":[{"start":{"line":206,"column":6},"end":{"line":210,"column":11}}]},"31":{"loc":{"start":{"line":231,"column":4},"end":{"line":231,"column":72}},"type":"if","locations":[{"start":{"line":231,"column":4},"end":{"line":231,"column":72}}]},"32":{"loc":{"start":{"line":234,"column":4},"end":{"line":234,"column":78}},"type":"if","locations":[{"start":{"line":234,"column":4},"end":{"line":234,"column":78}}]},"33":{"loc":{"start":{"line":235,"column":4},"end":{"line":239,"column":9}},"type":"if","locations":[{"start":{"line":235,"column":4},"end":{"line":239,"column":9}}]},"34":{"loc":{"start":{"line":243,"column":4},"end":{"line":245,"column":5}},"type":"if","locations":[{"start":{"line":243,"column":4},"end":{"line":245,"column":5}}]},"35":{"loc":{"start":{"line":243,"column":8},"end":{"line":243,"column":71}},"type":"binary-expr","locations":[{"start":{"line":243,"column":9},"end":{"line":243,"column":33}},{"start":{"line":243,"column":37},"end":{"line":243,"column":51}},{"start":{"line":243,"column":56},"end":{"line":243,"column":71}}]},"36":{"loc":{"start":{"line":265,"column":4},"end":{"line":265,"column":72}},"type":"if","locations":[{"start":{"line":265,"column":4},"end":{"line":265,"column":72}}]},"37":{"loc":{"start":{"line":268,"column":4},"end":{"line":268,"column":78}},"type":"if","locations":[{"start":{"line":268,"column":4},"end":{"line":268,"column":78}}]},"38":{"loc":{"start":{"line":269,"column":4},"end":{"line":273,"column":9}},"type":"if","locations":[{"start":{"line":269,"column":4},"end":{"line":273,"column":9}}]},"39":{"loc":{"start":{"line":275,"column":17},"end":{"line":275,"column":72}},"type":"cond-expr","locations":[{"start":{"line":275,"column":34},"end":{"line":275,"column":68}},{"start":{"line":275,"column":71},"end":{"line":275,"column":72}}]},"40":{"loc":{"start":{"line":276,"column":18},"end":{"line":276,"column":76}},"type":"cond-expr","locations":[{"start":{"line":276,"column":36},"end":{"line":276,"column":71}},{"start":{"line":276,"column":74},"end":{"line":276,"column":76}}]},"41":{"loc":{"start":{"line":298,"column":4},"end":{"line":298,"column":72}},"type":"if","locations":[{"start":{"line":298,"column":4},"end":{"line":298,"column":72}}]},"42":{"loc":{"start":{"line":301,"column":4},"end":{"line":301,"column":78}},"type":"if","locations":[{"start":{"line":301,"column":4},"end":{"line":301,"column":78}}]},"43":{"loc":{"start":{"line":302,"column":4},"end":{"line":306,"column":9}},"type":"if","locations":[{"start":{"line":302,"column":4},"end":{"line":306,"column":9}}]},"44":{"loc":{"start":{"line":326,"column":4},"end":{"line":326,"column":72}},"type":"if","locations":[{"start":{"line":326,"column":4},"end":{"line":326,"column":72}}]},"45":{"loc":{"start":{"line":329,"column":4},"end":{"line":329,"column":78}},"type":"if","locations":[{"start":{"line":329,"column":4},"end":{"line":329,"column":78}}]},"46":{"loc":{"start":{"line":330,"column":4},"end":{"line":334,"column":9}},"type":"if","locations":[{"start":{"line":330,"column":4},"end":{"line":334,"column":9}}]},"47":{"loc":{"start":{"line":352,"column":4},"end":{"line":352,"column":72}},"type":"if","locations":[{"start":{"line":352,"column":4},"end":{"line":352,"column":72}}]},"48":{"loc":{"start":{"line":355,"column":4},"end":{"line":355,"column":78}},"type":"if","locations":[{"start":{"line":355,"column":4},"end":{"line":355,"column":78}}]},"49":{"loc":{"start":{"line":356,"column":4},"end":{"line":360,"column":9}},"type":"if","locations":[{"start":{"line":356,"column":4},"end":{"line":360,"column":9}}]},"50":{"loc":{"start":{"line":362,"column":4},"end":{"line":366,"column":5}},"type":"if","locations":[{"start":{"line":362,"column":4},"end":{"line":366,"column":5}}]}},"s":{"0":3,"1":3,"2":3,"3":3,"4":0,"5":0,"6":0,"7":0,"8":0,"9":0,"10":0,"11":0,"12":0,"13":0,"14":0,"15":0,"16":0,"17":0,"18":0,"19":3,"20":3,"21":0,"22":0,"23":0,"24":0,"25":0,"26":0,"27":0,"28":0,"29":0,"30":0,"31":0,"32":0,"33":0,"34":0,"35":3,"36":3,"37":0,"38":0,"39":0,"40":0,"41":0,"42":0,"43":0,"44":0,"45":0,"46":0,"47":0,"48":0,"49":0,"50":0,"51":0,"52":0,"53":0,"54":3,"55":3,"56":0,"57":0,"58":0,"59":0,"60":0,"61":0,"62":0,"63":0,"64":0,"65":0,"66":0,"67":0,"68":0,"69":0,"70":0,"71":0,"72":0,"73":0,"74":0,"75":3,"76":3,"77":0,"78":0,"79":0,"80":0,"81":0,"82":0,"83":0,"84":0,"85":0,"86":0,"87":0,"88":0,"89":0,"90":0,"91":0,"92":0,"93":0,"94":0,"95":3,"96":3,"97":0,"98":0,"99":0,"100":0,"101":0,"102":0,"103":0,"104":0,"105":0,"106":0,"107":0,"108":0,"109":0,"110":0,"111":0,"112":3,"113":3,"114":0,"115":0,"116":0,"117":0,"118":0,"119":0,"120":0,"121":0,"122":0,"123":0,"124":0,"125":0,"126":0,"127":0,"128":0,"129":3,"130":3,"131":0,"132":0,"133":0,"134":0,"135":0,"136":0,"137":0,"138":0,"139":0,"140":0,"141":0,"142":0,"143":0,"144":0,"145":0,"146":0,"147":0,"148":3,"149":3,"150":0,"151":0,"152":0,"153":0,"154":0,"155":0,"156":0,"157":0,"158":0,"159":0,"160":0,"161":0,"162":0,"163":0,"164":0,"165":3,"166":3,"167":0,"168":0,"169":0,"170":0,"171":0,"172":0,"173":0,"174":0,"175":0,"176":0,"177":0,"178":0,"179":0,"180":0,"181":3,"182":3,"183":0,"184":0,"185":0,"186":0,"187":0,"188":0,"189":0,"190":0,"191":0,"192":0,"193":0,"194":0,"195":0,"196":0,"197":0,"198":3,"199":3,"200":0,"201":0,"202":0,"203":0,"204":0,"205":0,"206":0,"207":0,"208":0,"209":0,"210":0,"211":0,"212":0,"213":0,"214":0,"215":0,"216":3},"f":{"0":0,"1":0,"2":0,"3":0,"4":0,"5":0,"6":0,"7":0,"8":0,"9":0,"10":0,"11":0},"b":{"0":[0],"1":[0],"2":[0],"3":[0],"4":[0],"5":[0],"6":[0],"7":[0],"8":[0],"9":[0],"10":[0],"11":[0],"12":[0],"13":[0],"14":[0],"15":[0],"16":[0],"17":[0],"18":[0],"19":[0],"20":[0],"21":[0],"22":[0],"23":[0],"24":[0],"25":[0],"26":[0],"27":[0],"28":[0],"29":[0],"30":[0],"31":[0],"32":[0],"33":[0],"34":[0],"35":[0,0,0],"36":[0],"37":[0],"38":[0],"39":[0,0],"40":[0,0],"41":[0],"42":[0],"43":[0],"44":[0],"45":[0],"46":[0],"47":[0],"48":[0],"49":[0],"50":[0]}}
,"/Users/decagon/Desktop/Main-New/mainstack-interview/src/controller/userController.ts": {"path":"/Users/decagon/Desktop/Main-New/mainstack-interview/src/controller/userController.ts","statementMap":{"0":{"start":{"line":2,"column":0},"end":{"line":2,"column":52}},"1":{"start":{"line":3,"column":0},"end":{"line":3,"column":40}},"2":{"start":{"line":4,"column":0},"end":{"line":4,"column":39}},"3":{"start":{"line":5,"column":0},"end":{"line":5,"column":null}},"4":{"start":{"line":15,"column":0},"end":{"line":15,"column":32}},"5":{"start":{"line":16,"column":17},"end":{"line":16,"column":43}},"6":{"start":{"line":17,"column":32},"end":{"line":17,"column":79}},"7":{"start":{"line":19,"column":26},"end":{"line":91,"column":1}},"8":{"start":{"line":20,"column":2},"end":{"line":90,"column":3}},"9":{"start":{"line":23,"column":5},"end":{"line":23,"column":13}},"10":{"start":{"line":24,"column":26},"end":{"line":26,"column":6}},"11":{"start":{"line":27,"column":4},"end":{"line":32,"column":5}},"12":{"start":{"line":28,"column":6},"end":{"line":31,"column":9}},"13":{"start":{"line":34,"column":32},"end":{"line":34,"column":67}},"14":{"start":{"line":35,"column":4},"end":{"line":40,"column":5}},"15":{"start":{"line":36,"column":6},"end":{"line":39,"column":9}},"16":{"start":{"line":42,"column":17},"end":{"line":42,"column":37}},"17":{"start":{"line":43,"column":27},"end":{"line":43,"column":65}},"18":{"start":{"line":44,"column":32},"end":{"line":44,"column":45}},"19":{"start":{"line":45,"column":22},"end":{"line":45,"column":46}},"20":{"start":{"line":46,"column":17},"end":{"line":55,"column":6}},"21":{"start":{"line":56,"column":4},"end":{"line":83,"column":5}},"22":{"start":{"line":57,"column":24},"end":{"line":61,"column":8}},"23":{"start":{"line":62,"column":6},"end":{"line":62,"column":29}},"24":{"start":{"line":63,"column":26},"end":{"line":68,"column":8}},"25":{"start":{"line":70,"column":6},"end":{"line":75,"column":8}},"26":{"start":{"line":77,"column":6},"end":{"line":82,"column":9}},"27":{"start":{"line":85,"column":4},"end":{"line":85,"column":24}},"28":{"start":{"line":86,"column":4},"end":{"line":89,"column":7}},"29":{"start":{"line":19,"column":13},"end":{"line":19,"column":26}},"30":{"start":{"line":93,"column":26},"end":{"line":146,"column":1}},"31":{"start":{"line":94,"column":2},"end":{"line":145,"column":3}},"32":{"start":{"line":95,"column":20},"end":{"line":95,"column":28}},"33":{"start":{"line":96,"column":17},"end":{"line":96,"column":32}},"34":{"start":{"line":98,"column":4},"end":{"line":138,"column":5}},"35":{"start":{"line":99,"column":30},"end":{"line":99,"column":59}},"36":{"start":{"line":100,"column":6},"end":{"line":103,"column":63}},"37":{"start":{"line":101,"column":8},"end":{"line":103,"column":63}},"38":{"start":{"line":104,"column":6},"end":{"line":108,"column":11}},"39":{"start":{"line":105,"column":8},"end":{"line":108,"column":11}},"40":{"start":{"line":109,"column":22},"end":{"line":109,"column":64}},"41":{"start":{"line":110,"column":6},"end":{"line":115,"column":7}},"42":{"start":{"line":111,"column":8},"end":{"line":114,"column":11}},"43":{"start":{"line":117,"column":6},"end":{"line":122,"column":7}},"44":{"start":{"line":118,"column":8},"end":{"line":121,"column":11}},"45":{"start":{"line":124,"column":6},"end":{"line":124,"column":40}},"46":{"start":{"line":125,"column":6},"end":{"line":125,"column":49}},"47":{"start":{"line":126,"column":6},"end":{"line":126,"column":35}},"48":{"start":{"line":128,"column":6},"end":{"line":132,"column":9}},"49":{"start":{"line":134,"column":6},"end":{"line":137,"column":9}},"50":{"start":{"line":140,"column":4},"end":{"line":140,"column":24}},"51":{"start":{"line":141,"column":4},"end":{"line":144,"column":7}},"52":{"start":{"line":93,"column":13},"end":{"line":93,"column":26}},"53":{"start":{"line":148,"column":26},"end":{"line":199,"column":1}},"54":{"start":{"line":149,"column":2},"end":{"line":198,"column":3}},"55":{"start":{"line":150,"column":17},"end":{"line":150,"column":32}},"56":{"start":{"line":151,"column":4},"end":{"line":192,"column":5}},"57":{"start":{"line":152,"column":23},"end":{"line":152,"column":52}},"58":{"start":{"line":153,"column":24},"end":{"line":153,"column":32}},"59":{"start":{"line":154,"column":6},"end":{"line":157,"column":63}},"60":{"start":{"line":155,"column":8},"end":{"line":157,"column":63}},"61":{"start":{"line":158,"column":6},"end":{"line":187,"column":7}},"62":{"start":{"line":159,"column":36},"end":{"line":159,"column":49}},"63":{"start":{"line":160,"column":26},"end":{"line":160,"column":50}},"64":{"start":{"line":161,"column":8},"end":{"line":161,"column":43}},"65":{"start":{"line":162,"column":8},"end":{"line":162,"column":41}},"66":{"start":{"line":163,"column":8},"end":{"line":167,"column":9}},"67":{"start":{"line":164,"column":10},"end":{"line":166,"column":64}},"68":{"start":{"line":168,"column":8},"end":{"line":168,"column":30}},"69":{"start":{"line":170,"column":28},"end":{"line":175,"column":10}},"70":{"start":{"line":177,"column":8},"end":{"line":182,"column":10}},"71":{"start":{"line":183,"column":8},"end":{"line":186,"column":11}},"72":{"start":{"line":189,"column":6},"end":{"line":191,"column":61}},"73":{"start":{"line":194,"column":4},"end":{"line":194,"column":24}},"74":{"start":{"line":195,"column":4},"end":{"line":197,"column":66}},"75":{"start":{"line":148,"column":13},"end":{"line":148,"column":26}},"76":{"start":{"line":201,"column":25},"end":{"line":231,"column":1}},"77":{"start":{"line":202,"column":2},"end":{"line":230,"column":3}},"78":{"start":{"line":203,"column":32},"end":{"line":203,"column":40}},"79":{"start":{"line":204,"column":17},"end":{"line":204,"column":69}},"80":{"start":{"line":205,"column":4},"end":{"line":227,"column":5}},"81":{"start":{"line":206,"column":30},"end":{"line":209,"column":null}},"82":{"start":{"line":211,"column":6},"end":{"line":226,"column":7}},"83":{"start":{"line":212,"column":26},"end":{"line":216,"column":10}},"84":{"start":{"line":217,"column":8},"end":{"line":221,"column":11}},"85":{"start":{"line":223,"column":8},"end":{"line":225,"column":65}},"86":{"start":{"line":229,"column":4},"end":{"line":229,"column":24}},"87":{"start":{"line":201,"column":13},"end":{"line":201,"column":25}}},"fnMap":{"0":{"name":"(anonymous_1)","decl":{"start":{"line":19,"column":26},"end":{"line":19,"column":31}},"loc":{"start":{"line":19,"column":64},"end":{"line":91,"column":1}}},"1":{"name":"(anonymous_2)","decl":{"start":{"line":93,"column":26},"end":{"line":93,"column":31}},"loc":{"start":{"line":93,"column":64},"end":{"line":146,"column":1}}},"2":{"name":"(anonymous_3)","decl":{"start":{"line":148,"column":26},"end":{"line":148,"column":31}},"loc":{"start":{"line":148,"column":64},"end":{"line":199,"column":1}}},"3":{"name":"(anonymous_4)","decl":{"start":{"line":201,"column":25},"end":{"line":201,"column":30}},"loc":{"start":{"line":201,"column":63},"end":{"line":231,"column":1}}}},"branchMap":{"0":{"loc":{"start":{"line":27,"column":4},"end":{"line":32,"column":5}},"type":"if","locations":[{"start":{"line":27,"column":4},"end":{"line":32,"column":5}}]},"1":{"loc":{"start":{"line":35,"column":4},"end":{"line":40,"column":5}},"type":"if","locations":[{"start":{"line":35,"column":4},"end":{"line":40,"column":5}}]},"2":{"loc":{"start":{"line":56,"column":4},"end":{"line":83,"column":5}},"type":"if","locations":[{"start":{"line":56,"column":4},"end":{"line":83,"column":5}}]},"3":{"loc":{"start":{"line":60,"column":20},"end":{"line":60,"column":44}},"type":"binary-expr","locations":[{"start":{"line":60,"column":20},"end":{"line":60,"column":35}},{"start":{"line":60,"column":39},"end":{"line":60,"column":44}}]},"4":{"loc":{"start":{"line":98,"column":4},"end":{"line":138,"column":5}},"type":"if","locations":[{"start":{"line":98,"column":4},"end":{"line":138,"column":5}},{"start":{"line":133,"column":11},"end":{"line":138,"column":5}}]},"5":{"loc":{"start":{"line":100,"column":6},"end":{"line":103,"column":63}},"type":"if","locations":[{"start":{"line":100,"column":6},"end":{"line":103,"column":63}}]},"6":{"loc":{"start":{"line":104,"column":6},"end":{"line":108,"column":11}},"type":"if","locations":[{"start":{"line":104,"column":6},"end":{"line":108,"column":11}}]},"7":{"loc":{"start":{"line":110,"column":6},"end":{"line":115,"column":7}},"type":"if","locations":[{"start":{"line":110,"column":6},"end":{"line":115,"column":7}}]},"8":{"loc":{"start":{"line":117,"column":6},"end":{"line":122,"column":7}},"type":"if","locations":[{"start":{"line":117,"column":6},"end":{"line":122,"column":7}}]},"9":{"loc":{"start":{"line":151,"column":4},"end":{"line":192,"column":5}},"type":"if","locations":[{"start":{"line":151,"column":4},"end":{"line":192,"column":5}},{"start":{"line":188,"column":11},"end":{"line":192,"column":5}}]},"10":{"loc":{"start":{"line":154,"column":6},"end":{"line":157,"column":63}},"type":"if","locations":[{"start":{"line":154,"column":6},"end":{"line":157,"column":63}}]},"11":{"loc":{"start":{"line":158,"column":6},"end":{"line":187,"column":7}},"type":"if","locations":[{"start":{"line":158,"column":6},"end":{"line":187,"column":7}}]},"12":{"loc":{"start":{"line":158,"column":10},"end":{"line":158,"column":53}},"type":"binary-expr","locations":[{"start":{"line":158,"column":10},"end":{"line":158,"column":27}},{"start":{"line":158,"column":31},"end":{"line":158,"column":53}}]},"13":{"loc":{"start":{"line":163,"column":8},"end":{"line":167,"column":9}},"type":"if","locations":[{"start":{"line":163,"column":8},"end":{"line":167,"column":9}}]},"14":{"loc":{"start":{"line":205,"column":4},"end":{"line":227,"column":5}},"type":"if","locations":[{"start":{"line":205,"column":4},"end":{"line":227,"column":5}}]},"15":{"loc":{"start":{"line":211,"column":6},"end":{"line":226,"column":7}},"type":"if","locations":[{"start":{"line":211,"column":6},"end":{"line":226,"column":7}},{"start":{"line":222,"column":13},"end":{"line":226,"column":7}}]},"16":{"loc":{"start":{"line":215,"column":22},"end":{"line":215,"column":46}},"type":"binary-expr","locations":[{"start":{"line":215,"column":22},"end":{"line":215,"column":37}},{"start":{"line":215,"column":41},"end":{"line":215,"column":46}}]}},"s":{"0":3,"1":3,"2":3,"3":3,"4":3,"5":3,"6":3,"7":3,"8":2,"9":2,"10":2,"11":2,"12":1,"13":1,"14":1,"15":0,"16":1,"17":1,"18":1,"19":1,"20":1,"21":1,"22":1,"23":1,"24":1,"25":1,"26":1,"27":0,"28":0,"29":3,"30":3,"31":0,"32":0,"33":0,"34":0,"35":0,"36":0,"37":0,"38":0,"39":0,"40":0,"41":0,"42":0,"43":0,"44":0,"45":0,"46":0,"47":0,"48":0,"49":0,"50":0,"51":0,"52":3,"53":3,"54":0,"55":0,"56":0,"57":0,"58":0,"59":0,"60":0,"61":0,"62":0,"63":0,"64":0,"65":0,"66":0,"67":0,"68":0,"69":0,"70":0,"71":0,"72":0,"73":0,"74":0,"75":3,"76":3,"77":2,"78":2,"79":2,"80":1,"81":0,"82":0,"83":0,"84":0,"85":0,"86":1,"87":3},"f":{"0":2,"1":0,"2":0,"3":2},"b":{"0":[1],"1":[0],"2":[1],"3":[1,1],"4":[0,0],"5":[0],"6":[0],"7":[0],"8":[0],"9":[0,0],"10":[0],"11":[0],"12":[0,0],"13":[0],"14":[0],"15":[0,0],"16":[0,0]}}
,"/Users/decagon/Desktop/Main-New/mainstack-interview/src/errors/bad-request-error.ts": {"path":"/Users/decagon/Desktop/Main-New/mainstack-interview/src/errors/bad-request-error.ts","statementMap":{"0":{"start":{"line":1,"column":0},"end":{"line":1,"column":45}},"1":{"start":{"line":4,"column":15},"end":{"line":4,"column":18}},"2":{"start":{"line":7,"column":4},"end":{"line":7,"column":19}},"3":{"start":{"line":6,"column":21},"end":{"line":6,"column":36}},"4":{"start":{"line":9,"column":4},"end":{"line":9,"column":59}},"5":{"start":{"line":13,"column":4},"end":{"line":13,"column":39}},"6":{"start":{"line":3,"column":0},"end":{"line":3,"column":13}}},"fnMap":{"0":{"name":"(anonymous_0)","decl":{"start":{"line":6,"column":2},"end":{"line":6,"column":21}},"loc":{"start":{"line":6,"column":36},"end":{"line":10,"column":3}}},"1":{"name":"(anonymous_1)","decl":{"start":{"line":12,"column":2},"end":{"line":12,"column":17}},"loc":{"start":{"line":12,"column":17},"end":{"line":14,"column":3}}}},"branchMap":{},"s":{"0":3,"1":0,"2":0,"3":0,"4":0,"5":0,"6":3},"f":{"0":0,"1":0},"b":{}}
,"/Users/decagon/Desktop/Main-New/mainstack-interview/src/errors/custom-error.ts": {"path":"/Users/decagon/Desktop/Main-New/mainstack-interview/src/errors/custom-error.ts","statementMap":{"0":{"start":{"line":5,"column":4},"end":{"line":5,"column":19}},"1":{"start":{"line":7,"column":4},"end":{"line":7,"column":55}},"2":{"start":{"line":1,"column":0},"end":{"line":1,"column":22}}},"fnMap":{"0":{"name":"(anonymous_0)","decl":{"start":{"line":4,"column":2},"end":{"line":4,"column":14}},"loc":{"start":{"line":4,"column":29},"end":{"line":8,"column":3}}}},"branchMap":{},"s":{"0":0,"1":0,"2":3},"f":{"0":0},"b":{}}
,"/Users/decagon/Desktop/Main-New/mainstack-interview/src/errors/index.ts": {"path":"/Users/decagon/Desktop/Main-New/mainstack-interview/src/errors/index.ts","statementMap":{"0":{"start":{"line":1,"column":0},"end":{"line":1,"column":31}},"1":{"start":{"line":2,"column":0},"end":{"line":2,"column":43}},"2":{"start":{"line":3,"column":0},"end":{"line":3,"column":34}},"3":{"start":{"line":4,"column":0},"end":{"line":4,"column":39}},"4":{"start":{"line":5,"column":0},"end":{"line":5,"column":36}}},"fnMap":{},"branchMap":{},"s":{"0":3,"1":3,"2":3,"3":3,"4":3},"f":{},"b":{}}
,"/Users/decagon/Desktop/Main-New/mainstack-interview/src/errors/not-authorized-error.ts": {"path":"/Users/decagon/Desktop/Main-New/mainstack-interview/src/errors/not-authorized-error.ts","statementMap":{"0":{"start":{"line":1,"column":0},"end":{"line":1,"column":45}},"1":{"start":{"line":4,"column":15},"end":{"line":4,"column":18}},"2":{"start":{"line":7,"column":4},"end":{"line":7,"column":28}},"3":{"start":{"line":9,"column":4},"end":{"line":9,"column":62}},"4":{"start":{"line":13,"column":4},"end":{"line":13,"column":43}},"5":{"start":{"line":3,"column":0},"end":{"line":3,"column":13}}},"fnMap":{"0":{"name":"(anonymous_0)","decl":{"start":{"line":6,"column":2},"end":{"line":6,"column":null}},"loc":{"start":{"line":6,"column":2},"end":{"line":10,"column":3}}},"1":{"name":"(anonymous_1)","decl":{"start":{"line":12,"column":2},"end":{"line":12,"column":17}},"loc":{"start":{"line":12,"column":17},"end":{"line":14,"column":3}}}},"branchMap":{},"s":{"0":3,"1":0,"2":0,"3":0,"4":0,"5":3},"f":{"0":0,"1":0},"b":{}}
,"/Users/decagon/Desktop/Main-New/mainstack-interview/src/errors/not-found-error.ts": {"path":"/Users/decagon/Desktop/Main-New/mainstack-interview/src/errors/not-found-error.ts","statementMap":{"0":{"start":{"line":1,"column":0},"end":{"line":1,"column":45}},"1":{"start":{"line":4,"column":15},"end":{"line":4,"column":18}},"2":{"start":{"line":7,"column":4},"end":{"line":7,"column":29}},"3":{"start":{"line":9,"column":4},"end":{"line":9,"column":57}},"4":{"start":{"line":13,"column":4},"end":{"line":13,"column":38}},"5":{"start":{"line":3,"column":0},"end":{"line":3,"column":13}}},"fnMap":{"0":{"name":"(anonymous_0)","decl":{"start":{"line":6,"column":2},"end":{"line":6,"column":null}},"loc":{"start":{"line":6,"column":2},"end":{"line":10,"column":3}}},"1":{"name":"(anonymous_1)","decl":{"start":{"line":12,"column":2},"end":{"line":12,"column":17}},"loc":{"start":{"line":12,"column":17},"end":{"line":14,"column":3}}}},"branchMap":{},"s":{"0":3,"1":0,"2":0,"3":0,"4":0,"5":3},"f":{"0":0,"1":0},"b":{}}
,"/Users/decagon/Desktop/Main-New/mainstack-interview/src/errors/request-validation-error.ts": {"path":"/Users/decagon/Desktop/Main-New/mainstack-interview/src/errors/request-validation-error.ts","statementMap":{"0":{"start":{"line":2,"column":0},"end":{"line":2,"column":45}},"1":{"start":{"line":5,"column":15},"end":{"line":5,"column":18}},"2":{"start":{"line":8,"column":4},"end":{"line":8,"column":40}},"3":{"start":{"line":7,"column":21},"end":{"line":7,"column":46}},"4":{"start":{"line":11,"column":4},"end":{"line":11,"column":66}},"5":{"start":{"line":15,"column":4},"end":{"line":20,"column":7}},"6":{"start":{"line":16,"column":6},"end":{"line":18,"column":7}},"7":{"start":{"line":17,"column":8},"end":{"line":17,"column":53}},"8":{"start":{"line":19,"column":6},"end":{"line":19,"column":34}},"9":{"start":{"line":4,"column":0},"end":{"line":4,"column":13}}},"fnMap":{"0":{"name":"(anonymous_0)","decl":{"start":{"line":7,"column":2},"end":{"line":7,"column":21}},"loc":{"start":{"line":7,"column":46},"end":{"line":12,"column":3}}},"1":{"name":"(anonymous_1)","decl":{"start":{"line":14,"column":2},"end":{"line":14,"column":17}},"loc":{"start":{"line":14,"column":17},"end":{"line":21,"column":3}}},"2":{"name":"(anonymous_2)","decl":{"start":{"line":15,"column":27},"end":{"line":15,"column":28}},"loc":{"start":{"line":15,"column":35},"end":{"line":20,"column":5}}}},"branchMap":{"0":{"loc":{"start":{"line":16,"column":6},"end":{"line":18,"column":7}},"type":"if","locations":[{"start":{"line":16,"column":6},"end":{"line":18,"column":7}}]}},"s":{"0":3,"1":0,"2":0,"3":0,"4":0,"5":0,"6":0,"7":0,"8":0,"9":3},"f":{"0":0,"1":0,"2":0},"b":{"0":[0]}}
,"/Users/decagon/Desktop/Main-New/mainstack-interview/src/mailer/index.ts": {"path":"/Users/decagon/Desktop/Main-New/mainstack-interview/src/mailer/index.ts","statementMap":{"0":{"start":{"line":1,"column":0},"end":{"line":1,"column":31}},"1":{"start":{"line":2,"column":0},"end":{"line":2,"column":27}}},"fnMap":{},"branchMap":{},"s":{"0":3,"1":3},"f":{},"b":{}}
,"/Users/decagon/Desktop/Main-New/mainstack-interview/src/mailer/mailTemplate.ts": {"path":"/Users/decagon/Desktop/Main-New/mainstack-interview/src/mailer/mailTemplate.ts","statementMap":{"0":{"start":{"line":5,"column":15},"end":{"line":5,"column":60}},"1":{"start":{"line":6,"column":18},"end":{"line":6,"column":57}},"2":{"start":{"line":7,"column":18},"end":{"line":7,"column":57}},"3":{"start":{"line":8,"column":15},"end":{"line":26,"column":10}},"4":{"start":{"line":27,"column":2},"end":{"line":27,"column":14}},"5":{"start":{"line":1,"column":0},"end":{"line":1,"column":16}},"6":{"start":{"line":30,"column":29},"end":{"line":38,"column":1}},"7":{"start":{"line":31,"column":15},"end":{"line":36,"column":6}},"8":{"start":{"line":37,"column":2},"end":{"line":37,"column":14}},"9":{"start":{"line":30,"column":13},"end":{"line":30,"column":29}},"10":{"start":{"line":40,"column":15},"end":{"line":48,"column":10}},"11":{"start":{"line":49,"column":2},"end":{"line":49,"column":14}},"12":{"start":{"line":39,"column":0},"end":{"line":39,"column":16}},"13":{"start":{"line":53,"column":15},"end":{"line":61,"column":10}},"14":{"start":{"line":62,"column":2},"end":{"line":62,"column":14}},"15":{"start":{"line":52,"column":0},"end":{"line":52,"column":16}},"16":{"start":{"line":66,"column":15},"end":{"line":66,"column":68}},"17":{"start":{"line":67,"column":15},"end":{"line":84,"column":10}},"18":{"start":{"line":85,"column":2},"end":{"line":85,"column":14}},"19":{"start":{"line":65,"column":0},"end":{"line":65,"column":16}},"20":{"start":{"line":88,"column":15},"end":{"line":88,"column":68}},"21":{"start":{"line":89,"column":15},"end":{"line":106,"column":10}},"22":{"start":{"line":107,"column":2},"end":{"line":107,"column":14}},"23":{"start":{"line":87,"column":0},"end":{"line":87,"column":16}}},"fnMap":{"0":{"name":"emailVerificationView","decl":{"start":{"line":1,"column":16},"end":{"line":1,"column":37}},"loc":{"start":{"line":3,"column":23},"end":{"line":28,"column":1}}},"1":{"name":"(anonymous_1)","decl":{"start":{"line":30,"column":29},"end":{"line":30,"column":30}},"loc":{"start":{"line":30,"column":45},"end":{"line":38,"column":1}}},"2":{"name":"htmlTemplate","decl":{"start":{"line":39,"column":16},"end":{"line":39,"column":28}},"loc":{"start":{"line":39,"column":40},"end":{"line":50,"column":1}}},"3":{"name":"otpMessage","decl":{"start":{"line":52,"column":16},"end":{"line":52,"column":26}},"loc":{"start":{"line":52,"column":43},"end":{"line":63,"column":1}}},"4":{"name":"emailVerification","decl":{"start":{"line":65,"column":16},"end":{"line":65,"column":33}},"loc":{"start":{"line":65,"column":33},"end":{"line":86,"column":1}}},"5":{"name":"teacherEmailVerification","decl":{"start":{"line":87,"column":16},"end":{"line":87,"column":40}},"loc":{"start":{"line":87,"column":40},"end":{"line":108,"column":1}}}},"branchMap":{},"s":{"0":0,"1":0,"2":0,"3":0,"4":0,"5":3,"6":3,"7":0,"8":0,"9":3,"10":1,"11":1,"12":3,"13":0,"14":0,"15":3,"16":0,"17":0,"18":0,"19":3,"20":0,"21":0,"22":0,"23":3},"f":{"0":0,"1":0,"2":1,"3":0,"4":0,"5":0},"b":{}}
,"/Users/decagon/Desktop/Main-New/mainstack-interview/src/mailer/sendMail.ts": {"path":"/Users/decagon/Desktop/Main-New/mainstack-interview/src/mailer/sendMail.ts","statementMap":{"0":{"start":{"line":1,"column":0},"end":{"line":1,"column":36}},"1":{"start":{"line":3,"column":20},"end":{"line":3,"column":52}},"2":{"start":{"line":4,"column":20},"end":{"line":4,"column":52}},"3":{"start":{"line":5,"column":17},"end":{"line":5,"column":43}},"4":{"start":{"line":7,"column":18},"end":{"line":16,"column":2}},"5":{"start":{"line":17,"column":0},"end":{"line":31,"column":2}},"6":{"start":{"line":24,"column":4},"end":{"line":29,"column":7}},"7":{"start":{"line":25,"column":6},"end":{"line":28,"column":9}},"8":{"start":{"line":26,"column":8},"end":{"line":26,"column":29}},"9":{"start":{"line":26,"column":17},"end":{"line":26,"column":29}},"10":{"start":{"line":27,"column":8},"end":{"line":27,"column":22}}},"fnMap":{"0":{"name":"(anonymous_1)","decl":{"start":{"line":18,"column":2},"end":{"line":18,"column":11}},"loc":{"start":{"line":22,"column":16},"end":{"line":30,"column":3}}},"1":{"name":"(anonymous_2)","decl":{"start":{"line":24,"column":23},"end":{"line":24,"column":24}},"loc":{"start":{"line":24,"column":43},"end":{"line":29,"column":5}}},"2":{"name":"(anonymous_3)","decl":{"start":{"line":25,"column":64},"end":{"line":25,"column":65}},"loc":{"start":{"line":25,"column":78},"end":{"line":28,"column":7}}}},"branchMap":{"0":{"loc":{"start":{"line":26,"column":8},"end":{"line":26,"column":29}},"type":"if","locations":[{"start":{"line":26,"column":8},"end":{"line":26,"column":29}}]}},"s":{"0":3,"1":3,"2":3,"3":3,"4":3,"5":3,"6":1,"7":1,"8":1,"9":0,"10":1},"f":{"0":1,"1":1,"2":1},"b":{"0":[0]}}
,"/Users/decagon/Desktop/Main-New/mainstack-interview/src/middleware/commonAuth.ts": {"path":"/Users/decagon/Desktop/Main-New/mainstack-interview/src/middleware/commonAuth.ts","statementMap":{"0":{"start":{"line":2,"column":0},"end":{"line":2,"column":53}},"1":{"start":{"line":4,"column":30},"end":{"line":28,"column":1}},"2":{"start":{"line":9,"column":2},"end":{"line":27,"column":3}},"3":{"start":{"line":10,"column":21},"end":{"line":10,"column":54}},"4":{"start":{"line":12,"column":4},"end":{"line":20,"column":5}},"5":{"start":{"line":13,"column":6},"end":{"line":13,"column":13}},"6":{"start":{"line":15,"column":6},"end":{"line":15,"column":75}},"7":{"start":{"line":16,"column":6},"end":{"line":19,"column":9}},"8":{"start":{"line":22,"column":4},"end":{"line":22,"column":65}},"9":{"start":{"line":23,"column":4},"end":{"line":26,"column":7}},"10":{"start":{"line":4,"column":13},"end":{"line":4,"column":30}}},"fnMap":{"0":{"name":"(anonymous_0)","decl":{"start":{"line":4,"column":30},"end":{"line":4,"column":35}},"loc":{"start":{"line":8,"column":4},"end":{"line":28,"column":1}}}},"branchMap":{"0":{"loc":{"start":{"line":12,"column":4},"end":{"line":20,"column":5}},"type":"if","locations":[{"start":{"line":12,"column":4},"end":{"line":20,"column":5}},{"start":{"line":14,"column":11},"end":{"line":20,"column":5}}]}},"s":{"0":3,"1":3,"2":0,"3":0,"4":0,"5":0,"6":0,"7":0,"8":0,"9":0,"10":3},"f":{"0":0},"b":{"0":[0,0]}}
,"/Users/decagon/Desktop/Main-New/mainstack-interview/src/middleware/errorHandler.ts": {"path":"/Users/decagon/Desktop/Main-New/mainstack-interview/src/middleware/errorHandler.ts","statementMap":{"0":{"start":{"line":1,"column":0},"end":{"line":1,"column":34}},"1":{"start":{"line":3,"column":0},"end":{"line":3,"column":53}},"2":{"start":{"line":6,"column":49},"end":{"line":15,"column":1}},"3":{"start":{"line":7,"column":2},"end":{"line":7,"column":39}},"4":{"start":{"line":8,"column":2},"end":{"line":10,"column":3}},"5":{"start":{"line":9,"column":4},"end":{"line":9,"column":78}},"6":{"start":{"line":12,"column":2},"end":{"line":14,"column":5}},"7":{"start":{"line":6,"column":13},"end":{"line":6,"column":49}}},"fnMap":{"0":{"name":"(anonymous_0)","decl":{"start":{"line":6,"column":49},"end":{"line":6,"column":50}},"loc":{"start":{"line":6,"column":73},"end":{"line":15,"column":1}}}},"branchMap":{"0":{"loc":{"start":{"line":8,"column":2},"end":{"line":10,"column":3}},"type":"if","locations":[{"start":{"line":8,"column":2},"end":{"line":10,"column":3}}]}},"s":{"0":3,"1":3,"2":3,"3":0,"4":0,"5":0,"6":0,"7":3},"f":{"0":0},"b":{"0":[0]}}
,"/Users/decagon/Desktop/Main-New/mainstack-interview/src/middleware/httpLogger.ts": {"path":"/Users/decagon/Desktop/Main-New/mainstack-interview/src/middleware/httpLogger.ts","statementMap":{"0":{"start":{"line":1,"column":0},"end":{"line":1,"column":33}},"1":{"start":{"line":3,"column":13},"end":{"line":25,"column":3}},"2":{"start":{"line":7,"column":4},"end":{"line":13,"column":5}},"3":{"start":{"line":8,"column":6},"end":{"line":8,"column":20}},"4":{"start":{"line":9,"column":11},"end":{"line":13,"column":5}},"5":{"start":{"line":10,"column":6},"end":{"line":10,"column":21}},"6":{"start":{"line":11,"column":11},"end":{"line":13,"column":5}},"7":{"start":{"line":12,"column":6},"end":{"line":12,"column":22}},"8":{"start":{"line":14,"column":4},"end":{"line":14,"column":18}}},"fnMap":{"0":{"name":"(anonymous_1)","decl":{"start":{"line":6,"column":18},"end":{"line":6,"column":28}},"loc":{"start":{"line":6,"column":41},"end":{"line":15,"column":3}}}},"branchMap":{"0":{"loc":{"start":{"line":7,"column":4},"end":{"line":13,"column":5}},"type":"if","locations":[{"start":{"line":7,"column":4},"end":{"line":13,"column":5}},{"start":{"line":9,"column":11},"end":{"line":13,"column":5}}]},"1":{"loc":{"start":{"line":7,"column":8},"end":{"line":7,"column":53}},"type":"binary-expr","locations":[{"start":{"line":7,"column":8},"end":{"line":7,"column":29}},{"start":{"line":7,"column":33},"end":{"line":7,"column":53}}]},"2":{"loc":{"start":{"line":9,"column":11},"end":{"line":13,"column":5}},"type":"if","locations":[{"start":{"line":9,"column":11},"end":{"line":13,"column":5}},{"start":{"line":11,"column":11},"end":{"line":13,"column":5}}]},"3":{"loc":{"start":{"line":9,"column":15},"end":{"line":9,"column":43}},"type":"binary-expr","locations":[{"start":{"line":9,"column":15},"end":{"line":9,"column":36}},{"start":{"line":9,"column":40},"end":{"line":9,"column":43}}]},"4":{"loc":{"start":{"line":11,"column":11},"end":{"line":13,"column":5}},"type":"if","locations":[{"start":{"line":11,"column":11},"end":{"line":13,"column":5}}]},"5":{"loc":{"start":{"line":11,"column":15},"end":{"line":11,"column":60}},"type":"binary-expr","locations":[{"start":{"line":11,"column":15},"end":{"line":11,"column":36}},{"start":{"line":11,"column":40},"end":{"line":11,"column":60}}]}},"s":{"0":3,"1":3,"2":3,"3":1,"4":2,"5":0,"6":2,"7":0,"8":2},"f":{"0":3},"b":{"0":[1,2],"1":[3,1],"2":[0,2],"3":[2,2],"4":[0],"5":[2,0]}}
,"/Users/decagon/Desktop/Main-New/mainstack-interview/src/middleware/index.ts": {"path":"/Users/decagon/Desktop/Main-New/mainstack-interview/src/middleware/index.ts","statementMap":{"0":{"start":{"line":1,"column":0},"end":{"line":1,"column":31}},"1":{"start":{"line":2,"column":0},"end":{"line":2,"column":29}},"2":{"start":{"line":3,"column":0},"end":{"line":3,"column":32}},"3":{"start":{"line":4,"column":0},"end":{"line":4,"column":29}}},"fnMap":{},"branchMap":{},"s":{"0":3,"1":3,"2":3,"3":3},"f":{},"b":{}}
,"/Users/decagon/Desktop/Main-New/mainstack-interview/src/middleware/validateInput.ts": {"path":"/Users/decagon/Desktop/Main-New/mainstack-interview/src/middleware/validateInput.ts","statementMap":{"0":{"start":{"line":2,"column":0},"end":{"line":2,"column":null}},"1":{"start":{"line":11,"column":30},"end":{"line":24,"column":1}},"2":{"start":{"line":16,"column":29},"end":{"line":16,"column":67}},"3":{"start":{"line":17,"column":2},"end":{"line":22,"column":3}},"4":{"start":{"line":18,"column":4},"end":{"line":21,"column":7}},"5":{"start":{"line":23,"column":2},"end":{"line":23,"column":9}},"6":{"start":{"line":11,"column":13},"end":{"line":11,"column":30}},"7":{"start":{"line":26,"column":29},"end":{"line":39,"column":1}},"8":{"start":{"line":31,"column":28},"end":{"line":31,"column":56}},"9":{"start":{"line":32,"column":2},"end":{"line":37,"column":3}},"10":{"start":{"line":33,"column":4},"end":{"line":36,"column":7}},"11":{"start":{"line":38,"column":2},"end":{"line":38,"column":9}},"12":{"start":{"line":26,"column":13},"end":{"line":26,"column":29}},"13":{"start":{"line":41,"column":30},"end":{"line":51,"column":1}},"14":{"start":{"line":46,"column":20},"end":{"line":46,"column":49}},"15":{"start":{"line":47,"column":2},"end":{"line":49,"column":3}},"16":{"start":{"line":48,"column":4},"end":{"line":48,"column":59}},"17":{"start":{"line":50,"column":2},"end":{"line":50,"column":9}},"18":{"start":{"line":41,"column":13},"end":{"line":41,"column":30}},"19":{"start":{"line":53,"column":31},"end":{"line":63,"column":1}},"20":{"start":{"line":58,"column":20},"end":{"line":58,"column":56}},"21":{"start":{"line":59,"column":2},"end":{"line":61,"column":3}},"22":{"start":{"line":60,"column":4},"end":{"line":60,"column":59}},"23":{"start":{"line":62,"column":2},"end":{"line":62,"column":9}},"24":{"start":{"line":53,"column":13},"end":{"line":53,"column":31}},"25":{"start":{"line":65,"column":31},"end":{"line":78,"column":1}},"26":{"start":{"line":70,"column":26},"end":{"line":70,"column":67}},"27":{"start":{"line":71,"column":2},"end":{"line":76,"column":3}},"28":{"start":{"line":72,"column":4},"end":{"line":75,"column":7}},"29":{"start":{"line":77,"column":2},"end":{"line":77,"column":9}},"30":{"start":{"line":65,"column":13},"end":{"line":65,"column":31}}},"fnMap":{"0":{"name":"(anonymous_0)","decl":{"start":{"line":11,"column":30},"end":{"line":11,"column":null}},"loc":{"start":{"line":15,"column":4},"end":{"line":24,"column":1}}},"1":{"name":"(anonymous_1)","decl":{"start":{"line":26,"column":29},"end":{"line":26,"column":null}},"loc":{"start":{"line":30,"column":4},"end":{"line":39,"column":1}}},"2":{"name":"(anonymous_2)","decl":{"start":{"line":41,"column":30},"end":{"line":41,"column":null}},"loc":{"start":{"line":45,"column":4},"end":{"line":51,"column":1}}},"3":{"name":"(anonymous_3)","decl":{"start":{"line":53,"column":31},"end":{"line":53,"column":null}},"loc":{"start":{"line":57,"column":4},"end":{"line":63,"column":1}}},"4":{"name":"(anonymous_4)","decl":{"start":{"line":65,"column":31},"end":{"line":65,"column":null}},"loc":{"start":{"line":69,"column":4},"end":{"line":78,"column":1}}}},"branchMap":{"0":{"loc":{"start":{"line":17,"column":2},"end":{"line":22,"column":3}},"type":"if","locations":[{"start":{"line":17,"column":2},"end":{"line":22,"column":3}}]},"1":{"loc":{"start":{"line":32,"column":2},"end":{"line":37,"column":3}},"type":"if","locations":[{"start":{"line":32,"column":2},"end":{"line":37,"column":3}}]},"2":{"loc":{"start":{"line":47,"column":2},"end":{"line":49,"column":3}},"type":"if","locations":[{"start":{"line":47,"column":2},"end":{"line":49,"column":3}}]},"3":{"loc":{"start":{"line":59,"column":2},"end":{"line":61,"column":3}},"type":"if","locations":[{"start":{"line":59,"column":2},"end":{"line":61,"column":3}}]},"4":{"loc":{"start":{"line":71,"column":2},"end":{"line":76,"column":3}},"type":"if","locations":[{"start":{"line":71,"column":2},"end":{"line":76,"column":3}}]}},"s":{"0":3,"1":3,"2":0,"3":0,"4":0,"5":0,"6":3,"7":3,"8":2,"9":2,"10":0,"11":2,"12":3,"13":3,"14":0,"15":0,"16":0,"17":0,"18":3,"19":3,"20":0,"21":0,"22":0,"23":0,"24":3,"25":3,"26":0,"27":0,"28":0,"29":0,"30":3},"f":{"0":0,"1":2,"2":0,"3":0,"4":0},"b":{"0":[0],"1":[0],"2":[0],"3":[0],"4":[0]}}
,"/Users/decagon/Desktop/Main-New/mainstack-interview/src/models/index.ts": {"path":"/Users/decagon/Desktop/Main-New/mainstack-interview/src/models/index.ts","statementMap":{"0":{"start":{"line":1,"column":0},"end":{"line":1,"column":28}},"1":{"start":{"line":2,"column":0},"end":{"line":2,"column":31}}},"fnMap":{},"branchMap":{},"s":{"0":3,"1":3},"f":{},"b":{}}
,"/Users/decagon/Desktop/Main-New/mainstack-interview/src/models/productModel.ts": {"path":"/Users/decagon/Desktop/Main-New/mainstack-interview/src/models/productModel.ts","statementMap":{"0":{"start":{"line":1,"column":0},"end":{"line":1,"column":44}},"1":{"start":{"line":2,"column":0},"end":{"line":2,"column":57}},"2":{"start":{"line":4,"column":22},"end":{"line":44,"column":2}},"3":{"start":{"line":46,"column":13},"end":{"line":49,"column":2}}},"fnMap":{},"branchMap":{},"s":{"0":3,"1":3,"2":3,"3":3},"f":{},"b":{}}
,"/Users/decagon/Desktop/Main-New/mainstack-interview/src/models/userModel.ts": {"path":"/Users/decagon/Desktop/Main-New/mainstack-interview/src/models/userModel.ts","statementMap":{"0":{"start":{"line":1,"column":0},"end":{"line":1,"column":44}},"1":{"start":{"line":2,"column":0},"end":{"line":2,"column":51}},"2":{"start":{"line":4,"column":19},"end":{"line":46,"column":2}},"3":{"start":{"line":48,"column":13},"end":{"line":48,"column":71}}},"fnMap":{},"branchMap":{},"s":{"0":3,"1":3,"2":3,"3":3},"f":{},"b":{}}
,"/Users/decagon/Desktop/Main-New/mainstack-interview/src/routes/healthCheckRoute.ts": {"path":"/Users/decagon/Desktop/Main-New/mainstack-interview/src/routes/healthCheckRoute.ts","statementMap":{"0":{"start":{"line":1,"column":0},"end":{"line":1,"column":53}},"1":{"start":{"line":3,"column":15},"end":{"line":3,"column":31}},"2":{"start":{"line":9,"column":19},"end":{"line":9,"column":38}},"3":{"start":{"line":5,"column":0},"end":{"line":7,"column":3}},"4":{"start":{"line":6,"column":2},"end":{"line":6,"column":66}}},"fnMap":{"0":{"name":"(anonymous_1)","decl":{"start":{"line":5,"column":16},"end":{"line":5,"column":17}},"loc":{"start":{"line":5,"column":48},"end":{"line":7,"column":1}}}},"branchMap":{},"s":{"0":3,"1":3,"2":3,"3":3,"4":1},"f":{"0":1},"b":{}}
,"/Users/decagon/Desktop/Main-New/mainstack-interview/src/routes/index.ts": {"path":"/Users/decagon/Desktop/Main-New/mainstack-interview/src/routes/index.ts","statementMap":{"0":{"start":{"line":1,"column":0},"end":{"line":1,"column":28}},"1":{"start":{"line":2,"column":0},"end":{"line":2,"column":35}},"2":{"start":{"line":3,"column":0},"end":{"line":3,"column":31}}},"fnMap":{},"branchMap":{},"s":{"0":3,"1":3,"2":3},"f":{},"b":{}}
,"/Users/decagon/Desktop/Main-New/mainstack-interview/src/routes/productRoute.ts": {"path":"/Users/decagon/Desktop/Main-New/mainstack-interview/src/routes/productRoute.ts","statementMap":{"0":{"start":{"line":1,"column":0},"end":{"line":1,"column":30}},"1":{"start":{"line":2,"column":0},"end":{"line":2,"column":null}},"2":{"start":{"line":14,"column":0},"end":{"line":14,"column":63}},"3":{"start":{"line":16,"column":15},"end":{"line":16,"column":31}},"4":{"start":{"line":28,"column":19},"end":{"line":28,"column":32}},"5":{"start":{"line":17,"column":0},"end":{"line":17,"column":73}},"6":{"start":{"line":18,"column":0},"end":{"line":18,"column":53}},"7":{"start":{"line":19,"column":0},"end":{"line":19,"column":67}},"8":{"start":{"line":20,"column":0},"end":{"line":20,"column":72}},"9":{"start":{"line":21,"column":0},"end":{"line":21,"column":73}},"10":{"start":{"line":22,"column":0},"end":{"line":22,"column":62}},"11":{"start":{"line":23,"column":0},"end":{"line":23,"column":62}},"12":{"start":{"line":24,"column":0},"end":{"line":24,"column":58}},"13":{"start":{"line":25,"column":0},"end":{"line":25,"column":66}},"14":{"start":{"line":26,"column":0},"end":{"line":26,"column":63}}},"fnMap":{},"branchMap":{},"s":{"0":3,"1":3,"2":3,"3":3,"4":3,"5":3,"6":3,"7":3,"8":3,"9":3,"10":3,"11":3,"12":3,"13":3,"14":3},"f":{},"b":{}}
,"/Users/decagon/Desktop/Main-New/mainstack-interview/src/routes/userRoute.ts": {"path":"/Users/decagon/Desktop/Main-New/mainstack-interview/src/routes/userRoute.ts","statementMap":{"0":{"start":{"line":1,"column":0},"end":{"line":1,"column":30}},"1":{"start":{"line":2,"column":0},"end":{"line":2,"column":77}},"2":{"start":{"line":3,"column":0},"end":{"line":3,"column":77}},"3":{"start":{"line":5,"column":15},"end":{"line":5,"column":31}},"4":{"start":{"line":10,"column":19},"end":{"line":10,"column":29}},"5":{"start":{"line":6,"column":0},"end":{"line":6,"column":35}},"6":{"start":{"line":7,"column":0},"end":{"line":7,"column":48}},"7":{"start":{"line":8,"column":0},"end":{"line":8,"column":51}},"8":{"start":{"line":9,"column":0},"end":{"line":9,"column":56}}},"fnMap":{},"branchMap":{},"s":{"0":3,"1":3,"2":3,"3":3,"4":3,"5":3,"6":3,"7":3,"8":3},"f":{},"b":{}}
,"/Users/decagon/Desktop/Main-New/mainstack-interview/src/utills/index.ts": {"path":"/Users/decagon/Desktop/Main-New/mainstack-interview/src/utills/index.ts","statementMap":{"0":{"start":{"line":1,"column":0},"end":{"line":1,"column":25}},"1":{"start":{"line":2,"column":0},"end":{"line":2,"column":28}},"2":{"start":{"line":3,"column":0},"end":{"line":3,"column":26}},"3":{"start":{"line":4,"column":0},"end":{"line":4,"column":32}},"4":{"start":{"line":5,"column":0},"end":{"line":5,"column":22}}},"fnMap":{},"branchMap":{},"s":{"0":3,"1":3,"2":3,"3":3,"4":3},"f":{},"b":{}}
,"/Users/decagon/Desktop/Main-New/mainstack-interview/src/utills/logger.ts": {"path":"/Users/decagon/Desktop/Main-New/mainstack-interview/src/utills/logger.ts","statementMap":{"0":{"start":{"line":1,"column":0},"end":{"line":1,"column":24}},"1":{"start":{"line":3,"column":18},"end":{"line":13,"column":2}},"2":{"start":{"line":15,"column":13},"end":{"line":15,"column":38}}},"fnMap":{},"branchMap":{},"s":{"0":3,"1":3,"2":3},"f":{},"b":{}}
,"/Users/decagon/Desktop/Main-New/mainstack-interview/src/utills/otp.ts": {"path":"/Users/decagon/Desktop/Main-New/mainstack-interview/src/utills/otp.ts","statementMap":{"0":{"start":{"line":1,"column":27},"end":{"line":6,"column":1}},"1":{"start":{"line":2,"column":14},"end":{"line":2,"column":57}},"2":{"start":{"line":3,"column":21},"end":{"line":3,"column":31}},"3":{"start":{"line":4,"column":2},"end":{"line":4,"column":59}},"4":{"start":{"line":5,"column":2},"end":{"line":5,"column":29}},"5":{"start":{"line":1,"column":13},"end":{"line":1,"column":27}}},"fnMap":{"0":{"name":"(anonymous_0)","decl":{"start":{"line":1,"column":27},"end":{"line":1,"column":30}},"loc":{"start":{"line":1,"column":32},"end":{"line":6,"column":1}}}},"branchMap":{},"s":{"0":3,"1":1,"2":1,"3":1,"4":1,"5":3},"f":{"0":1},"b":{}}
,"/Users/decagon/Desktop/Main-New/mainstack-interview/src/utills/signature.ts": {"path":"/Users/decagon/Desktop/Main-New/mainstack-interview/src/utills/signature.ts","statementMap":{"0":{"start":{"line":2,"column":0},"end":{"line":2,"column":31}},"1":{"start":{"line":3,"column":0},"end":{"line":3,"column":30}},"2":{"start":{"line":5,"column":0},"end":{"line":5,"column":34}},"3":{"start":{"line":7,"column":19},"end":{"line":7,"column":53}},"4":{"start":{"line":9,"column":33},"end":{"line":11,"column":1}},"5":{"start":{"line":10,"column":2},"end":{"line":10,"column":60}},"6":{"start":{"line":9,"column":13},"end":{"line":9,"column":33}},"7":{"start":{"line":13,"column":33},"end":{"line":28,"column":1}},"8":{"start":{"line":14,"column":20},"end":{"line":14,"column":68}},"9":{"start":{"line":16,"column":2},"end":{"line":18,"column":3}},"10":{"start":{"line":17,"column":4},"end":{"line":17,"column":17}},"11":{"start":{"line":20,"column":2},"end":{"line":27,"column":3}},"12":{"start":{"line":21,"column":20},"end":{"line":21,"column":53}},"13":{"start":{"line":22,"column":4},"end":{"line":22,"column":30}},"14":{"start":{"line":24,"column":4},"end":{"line":24,"column":16}},"15":{"start":{"line":26,"column":4},"end":{"line":26,"column":17}},"16":{"start":{"line":13,"column":13},"end":{"line":13,"column":33}},"17":{"start":{"line":30,"column":28},"end":{"line":32,"column":1}},"18":{"start":{"line":31,"column":2},"end":{"line":31,"column":32}},"19":{"start":{"line":30,"column":13},"end":{"line":30,"column":28}},"20":{"start":{"line":34,"column":32},"end":{"line":36,"column":1}},"21":{"start":{"line":35,"column":2},"end":{"line":35,"column":43}},"22":{"start":{"line":34,"column":13},"end":{"line":34,"column":32}},"23":{"start":{"line":38,"column":29},"end":{"line":47,"column":1}},"24":{"start":{"line":39,"column":2},"end":{"line":46,"column":3}},"25":{"start":{"line":40,"column":17},"end":{"line":40,"column":49}},"26":{"start":{"line":41,"column":22},"end":{"line":41,"column":58}},"27":{"start":{"line":43,"column":4},"end":{"line":43,"column":21}},"28":{"start":{"line":45,"column":4},"end":{"line":45,"column":24}},"29":{"start":{"line":38,"column":13},"end":{"line":38,"column":29}},"30":{"start":{"line":49,"column":26},"end":{"line":56,"column":1}},"31":{"start":{"line":50,"column":2},"end":{"line":55,"column":3}},"32":{"start":{"line":51,"column":20},"end":{"line":51,"column":61}},"33":{"start":{"line":52,"column":4},"end":{"line":52,"column":19}},"34":{"start":{"line":54,"column":4},"end":{"line":54,"column":24}},"35":{"start":{"line":49,"column":13},"end":{"line":49,"column":26}},"36":{"start":{"line":58,"column":32},"end":{"line":65,"column":1}},"37":{"start":{"line":63,"column":28},"end":{"line":63,"column":66}},"38":{"start":{"line":64,"column":2},"end":{"line":64,"column":46}},"39":{"start":{"line":58,"column":13},"end":{"line":58,"column":32}}},"fnMap":{"0":{"name":"(anonymous_1)","decl":{"start":{"line":9,"column":33},"end":{"line":9,"column":38}},"loc":{"start":{"line":9,"column":64},"end":{"line":11,"column":1}}},"1":{"name":"(anonymous_2)","decl":{"start":{"line":13,"column":33},"end":{"line":13,"column":38}},"loc":{"start":{"line":13,"column":71},"end":{"line":28,"column":1}}},"2":{"name":"(anonymous_3)","decl":{"start":{"line":30,"column":28},"end":{"line":30,"column":33}},"loc":{"start":{"line":30,"column":39},"end":{"line":32,"column":1}}},"3":{"name":"(anonymous_4)","decl":{"start":{"line":34,"column":32},"end":{"line":34,"column":37}},"loc":{"start":{"line":34,"column":73},"end":{"line":36,"column":1}}},"4":{"name":"(anonymous_5)","decl":{"start":{"line":38,"column":29},"end":{"line":38,"column":34}},"loc":{"start":{"line":38,"column":76},"end":{"line":47,"column":1}}},"5":{"name":"(anonymous_6)","decl":{"start":{"line":49,"column":26},"end":{"line":49,"column":31}},"loc":{"start":{"line":49,"column":72},"end":{"line":56,"column":1}}},"6":{"name":"(anonymous_7)","decl":{"start":{"line":58,"column":32},"end":{"line":58,"column":37}},"loc":{"start":{"line":62,"column":4},"end":{"line":65,"column":1}}}},"branchMap":{"0":{"loc":{"start":{"line":7,"column":19},"end":{"line":7,"column":53}},"type":"binary-expr","locations":[{"start":{"line":7,"column":19},"end":{"line":7,"column":41}},{"start":{"line":7,"column":45},"end":{"line":7,"column":53}}]},"1":{"loc":{"start":{"line":16,"column":2},"end":{"line":18,"column":3}},"type":"if","locations":[{"start":{"line":16,"column":2},"end":{"line":18,"column":3}}]},"2":{"loc":{"start":{"line":38,"column":49},"end":{"line":38,"column":72}},"type":"default-arg","locations":[{"start":{"line":38,"column":70},"end":{"line":38,"column":72}}]}},"s":{"0":3,"1":3,"2":3,"3":3,"4":3,"5":1,"6":3,"7":3,"8":0,"9":0,"10":0,"11":0,"12":0,"13":0,"14":0,"15":0,"16":3,"17":3,"18":1,"19":3,"20":3,"21":1,"22":3,"23":3,"24":1,"25":1,"26":1,"27":1,"28":0,"29":3,"30":3,"31":0,"32":0,"33":0,"34":0,"35":3,"36":3,"37":0,"38":0,"39":3},"f":{"0":1,"1":0,"2":1,"3":1,"4":1,"5":0,"6":0},"b":{"0":[3,0],"1":[0],"2":[1]}}
,"/Users/decagon/Desktop/Main-New/mainstack-interview/src/utills/storage.ts": {"path":"/Users/decagon/Desktop/Main-New/mainstack-interview/src/utills/storage.ts","statementMap":{"0":{"start":{"line":1,"column":0},"end":{"line":1,"column":46}},"1":{"start":{"line":2,"column":0},"end":{"line":2,"column":28}},"2":{"start":{"line":3,"column":0},"end":{"line":3,"column":38}},"3":{"start":{"line":5,"column":16},"end":{"line":5,"column":38}},"4":{"start":{"line":7,"column":13},"end":{"line":7,"column":42}},"5":{"start":{"line":9,"column":17},"end":{"line":9,"column":57}},"6":{"start":{"line":10,"column":19},"end":{"line":10,"column":66}},"7":{"start":{"line":11,"column":19},"end":{"line":11,"column":62}},"8":{"start":{"line":13,"column":0},"end":{"line":17,"column":3}},"9":{"start":{"line":21,"column":34},"end":{"line":45,"column":1}},"10":{"start":{"line":25,"column":21},"end":{"line":25,"column":62}},"11":{"start":{"line":26,"column":2},"end":{"line":44,"column":5}},"12":{"start":{"line":27,"column":25},"end":{"line":40,"column":null}},"13":{"start":{"line":30,"column":8},"end":{"line":39,"column":9}},"14":{"start":{"line":31,"column":10},"end":{"line":31,"column":24}},"15":{"start":{"line":33,"column":28},"end":{"line":33,"column":46}},"16":{"start":{"line":34,"column":10},"end":{"line":38,"column":11}},"17":{"start":{"line":35,"column":12},"end":{"line":35,"column":31}},"18":{"start":{"line":37,"column":12},"end":{"line":37,"column":68}},"19":{"start":{"line":43,"column":4},"end":{"line":43,"column":34}},"20":{"start":{"line":21,"column":13},"end":{"line":21,"column":34}}},"fnMap":{"0":{"name":"(anonymous_1)","decl":{"start":{"line":21,"column":34},"end":{"line":21,"column":39}},"loc":{"start":{"line":24,"column":21},"end":{"line":45,"column":1}}},"1":{"name":"(anonymous_2)","decl":{"start":{"line":26,"column":29},"end":{"line":26,"column":30}},"loc":{"start":{"line":26,"column":49},"end":{"line":44,"column":3}}},"2":{"name":"(anonymous_3)","decl":{"start":{"line":29,"column":6},"end":{"line":29,"column":7}},"loc":{"start":{"line":29,"column":24},"end":{"line":40,"column":7}}}},"branchMap":{"0":{"loc":{"start":{"line":28,"column":23},"end":{"line":28,"column":70}},"type":"cond-expr","locations":[{"start":{"line":28,"column":50},"end":{"line":28,"column":55}},{"start":{"line":28,"column":58},"end":{"line":28,"column":70}}]},"1":{"loc":{"start":{"line":30,"column":8},"end":{"line":39,"column":9}},"type":"if","locations":[{"start":{"line":30,"column":8},"end":{"line":39,"column":9}},{"start":{"line":32,"column":15},"end":{"line":39,"column":9}}]},"2":{"loc":{"start":{"line":34,"column":10},"end":{"line":38,"column":11}},"type":"if","locations":[{"start":{"line":34,"column":10},"end":{"line":38,"column":11}},{"start":{"line":36,"column":17},"end":{"line":38,"column":11}}]}},"s":{"0":3,"1":3,"2":3,"3":3,"4":3,"5":3,"6":3,"7":3,"8":3,"9":3,"10":0,"11":0,"12":0,"13":0,"14":0,"15":0,"16":0,"17":0,"18":0,"19":0,"20":3},"f":{"0":0,"1":0,"2":0},"b":{"0":[0,0],"1":[0,0],"2":[0,0]}}
,"/Users/decagon/Desktop/Main-New/mainstack-interview/src/utills/validateUtils.ts": {"path":"/Users/decagon/Desktop/Main-New/mainstack-interview/src/utills/validateUtils.ts","statementMap":{"0":{"start":{"line":1,"column":0},"end":{"line":1,"column":22}},"1":{"start":{"line":3,"column":13},"end":{"line":14,"column":3}},"2":{"start":{"line":16,"column":13},"end":{"line":19,"column":3}},"3":{"start":{"line":21,"column":13},"end":{"line":24,"column":3}},"4":{"start":{"line":26,"column":13},"end":{"line":28,"column":3}},"5":{"start":{"line":30,"column":13},"end":{"line":33,"column":3}},"6":{"start":{"line":35,"column":13},"end":{"line":38,"column":3}},"7":{"start":{"line":40,"column":13},"end":{"line":44,"column":3}},"8":{"start":{"line":46,"column":13},"end":{"line":53,"column":3}},"9":{"start":{"line":55,"column":13},"end":{"line":61,"column":3}},"10":{"start":{"line":63,"column":13},"end":{"line":70,"column":2}}},"fnMap":{},"branchMap":{},"s":{"0":3,"1":3,"2":3,"3":3,"4":3,"5":3,"6":3,"7":3,"8":3,"9":3,"10":3},"f":{},"b":{}}
}
