{"/Users/decagon/Desktop/Main-New/mainstack-interview/src/app.ts": {"path":"/Users/decagon/Desktop/Main-New/mainstack-interview/src/app.ts","statementMap":{"0":{"start":{"line":1,"column":0},"end":{"line":1,"column":38}},"1":{"start":{"line":2,"column":0},"end":{"line":2,"column":41}},"2":{"start":{"line":3,"column":0},"end":{"line":3,"column":24}},"3":{"start":{"line":4,"column":0},"end":{"line":4,"column":28}},"4":{"start":{"line":5,"column":0},"end":{"line":5,"column":30}},"5":{"start":{"line":6,"column":0},"end":{"line":6,"column":30}},"6":{"start":{"line":7,"column":0},"end":{"line":7,"column":28}},"7":{"start":{"line":8,"column":0},"end":{"line":8,"column":41}},"8":{"start":{"line":9,"column":0},"end":{"line":9,"column":56}},"9":{"start":{"line":10,"column":0},"end":{"line":10,"column":59}},"10":{"start":{"line":12,"column":13},"end":{"line":12,"column":29}},"11":{"start":{"line":13,"column":0},"end":{"line":13,"column":16}},"12":{"start":{"line":14,"column":0},"end":{"line":14,"column":29}},"13":{"start":{"line":15,"column":0},"end":{"line":15,"column":24}},"14":{"start":{"line":16,"column":0},"end":{"line":16,"column":48}},"15":{"start":{"line":17,"column":0},"end":{"line":17,"column":24}},"16":{"start":{"line":18,"column":0},"end":{"line":18,"column":16}},"17":{"start":{"line":19,"column":0},"end":{"line":19,"column":18}},"18":{"start":{"line":20,"column":0},"end":{"line":20,"column":23}},"19":{"start":{"line":22,"column":0},"end":{"line":22,"column":20}},"20":{"start":{"line":24,"column":0},"end":{"line":24,"column":29}},"21":{"start":{"line":25,"column":0},"end":{"line":25,"column":20}},"22":{"start":{"line":27,"column":0},"end":{"line":29,"column":3}},"23":{"start":{"line":28,"column":2},"end":{"line":28,"column":28}},"24":{"start":{"line":31,"column":0},"end":{"line":31,"column":22}}},"fnMap":{"0":{"name":"(anonymous_1)","decl":{"start":{"line":27,"column":13},"end":{"line":27,"column":18}},"loc":{"start":{"line":27,"column":24},"end":{"line":29,"column":1}}}},"branchMap":{},"s":{"0":1,"1":1,"2":1,"3":1,"4":1,"5":1,"6":1,"7":1,"8":1,"9":1,"10":1,"11":1,"12":1,"13":1,"14":1,"15":1,"16":1,"17":1,"18":1,"19":1,"20":1,"21":1,"22":1,"23":0,"24":1},"f":{"0":0},"b":{}}
,"/Users/decagon/Desktop/Main-New/mainstack-interview/src/controller/index.ts": {"path":"/Users/decagon/Desktop/Main-New/mainstack-interview/src/controller/index.ts","statementMap":{"0":{"start":{"line":1,"column":0},"end":{"line":1,"column":33}}},"fnMap":{},"branchMap":{},"s":{"0":1},"f":{},"b":{}}
,"/Users/decagon/Desktop/Main-New/mainstack-interview/src/controller/userController.ts": {"path":"/Users/decagon/Desktop/Main-New/mainstack-interview/src/controller/userController.ts","statementMap":{"0":{"start":{"line":3,"column":0},"end":{"line":3,"column":40}},"1":{"start":{"line":4,"column":0},"end":{"line":4,"column":39}},"2":{"start":{"line":5,"column":0},"end":{"line":5,"column":null}},"3":{"start":{"line":15,"column":0},"end":{"line":15,"column":32}},"4":{"start":{"line":16,"column":17},"end":{"line":16,"column":43}},"5":{"start":{"line":18,"column":32},"end":{"line":18,"column":79}},"6":{"start":{"line":20,"column":26},"end":{"line":89,"column":1}},"7":{"start":{"line":21,"column":2},"end":{"line":88,"column":3}},"8":{"start":{"line":24,"column":5},"end":{"line":24,"column":13}},"9":{"start":{"line":25,"column":26},"end":{"line":27,"column":6}},"10":{"start":{"line":28,"column":4},"end":{"line":33,"column":5}},"11":{"start":{"line":29,"column":6},"end":{"line":32,"column":9}},"12":{"start":{"line":35,"column":32},"end":{"line":35,"column":67}},"13":{"start":{"line":36,"column":4},"end":{"line":41,"column":5}},"14":{"start":{"line":37,"column":6},"end":{"line":40,"column":9}},"15":{"start":{"line":43,"column":17},"end":{"line":43,"column":37}},"16":{"start":{"line":44,"column":27},"end":{"line":44,"column":65}},"17":{"start":{"line":45,"column":32},"end":{"line":45,"column":45}},"18":{"start":{"line":46,"column":22},"end":{"line":46,"column":46}},"19":{"start":{"line":47,"column":4},"end":{"line":47,"column":27}},"20":{"start":{"line":48,"column":17},"end":{"line":57,"column":6}},"21":{"start":{"line":58,"column":4},"end":{"line":85,"column":5}},"22":{"start":{"line":59,"column":24},"end":{"line":63,"column":8}},"23":{"start":{"line":64,"column":6},"end":{"line":64,"column":29}},"24":{"start":{"line":65,"column":26},"end":{"line":70,"column":8}},"25":{"start":{"line":72,"column":6},"end":{"line":77,"column":8}},"26":{"start":{"line":79,"column":6},"end":{"line":84,"column":9}},"27":{"start":{"line":87,"column":4},"end":{"line":87,"column":24}},"28":{"start":{"line":20,"column":13},"end":{"line":20,"column":26}},"29":{"start":{"line":91,"column":26},"end":{"line":152,"column":1}},"30":{"start":{"line":92,"column":2},"end":{"line":151,"column":3}},"31":{"start":{"line":93,"column":20},"end":{"line":93,"column":28}},"32":{"start":{"line":94,"column":17},"end":{"line":94,"column":32}},"33":{"start":{"line":96,"column":4},"end":{"line":144,"column":5}},"34":{"start":{"line":97,"column":30},"end":{"line":97,"column":59}},"35":{"start":{"line":98,"column":6},"end":{"line":101,"column":63}},"36":{"start":{"line":99,"column":8},"end":{"line":101,"column":63}},"37":{"start":{"line":102,"column":6},"end":{"line":106,"column":11}},"38":{"start":{"line":103,"column":8},"end":{"line":106,"column":11}},"39":{"start":{"line":107,"column":22},"end":{"line":107,"column":64}},"40":{"start":{"line":108,"column":6},"end":{"line":113,"column":7}},"41":{"start":{"line":109,"column":8},"end":{"line":112,"column":11}},"42":{"start":{"line":115,"column":6},"end":{"line":120,"column":7}},"43":{"start":{"line":116,"column":8},"end":{"line":119,"column":11}},"44":{"start":{"line":122,"column":26},"end":{"line":124,"column":null}},"45":{"start":{"line":127,"column":6},"end":{"line":132,"column":7}},"46":{"start":{"line":128,"column":8},"end":{"line":131,"column":11}},"47":{"start":{"line":134,"column":6},"end":{"line":138,"column":9}},"48":{"start":{"line":140,"column":6},"end":{"line":143,"column":9}},"49":{"start":{"line":146,"column":4},"end":{"line":146,"column":24}},"50":{"start":{"line":147,"column":4},"end":{"line":150,"column":7}},"51":{"start":{"line":91,"column":13},"end":{"line":91,"column":26}},"52":{"start":{"line":154,"column":26},"end":{"line":205,"column":1}},"53":{"start":{"line":155,"column":2},"end":{"line":204,"column":3}},"54":{"start":{"line":156,"column":17},"end":{"line":156,"column":32}},"55":{"start":{"line":157,"column":4},"end":{"line":198,"column":5}},"56":{"start":{"line":158,"column":23},"end":{"line":158,"column":52}},"57":{"start":{"line":159,"column":24},"end":{"line":159,"column":32}},"58":{"start":{"line":160,"column":6},"end":{"line":163,"column":63}},"59":{"start":{"line":161,"column":8},"end":{"line":163,"column":63}},"60":{"start":{"line":164,"column":6},"end":{"line":193,"column":7}},"61":{"start":{"line":165,"column":36},"end":{"line":165,"column":49}},"62":{"start":{"line":166,"column":26},"end":{"line":166,"column":50}},"63":{"start":{"line":167,"column":8},"end":{"line":167,"column":43}},"64":{"start":{"line":168,"column":8},"end":{"line":168,"column":41}},"65":{"start":{"line":169,"column":8},"end":{"line":173,"column":9}},"66":{"start":{"line":170,"column":10},"end":{"line":172,"column":64}},"67":{"start":{"line":174,"column":8},"end":{"line":174,"column":30}},"68":{"start":{"line":176,"column":28},"end":{"line":181,"column":10}},"69":{"start":{"line":183,"column":8},"end":{"line":188,"column":10}},"70":{"start":{"line":189,"column":8},"end":{"line":192,"column":11}},"71":{"start":{"line":195,"column":6},"end":{"line":197,"column":61}},"72":{"start":{"line":200,"column":4},"end":{"line":200,"column":24}},"73":{"start":{"line":201,"column":4},"end":{"line":203,"column":66}},"74":{"start":{"line":154,"column":13},"end":{"line":154,"column":26}},"75":{"start":{"line":207,"column":25},"end":{"line":237,"column":1}},"76":{"start":{"line":208,"column":2},"end":{"line":236,"column":3}},"77":{"start":{"line":209,"column":32},"end":{"line":209,"column":40}},"78":{"start":{"line":210,"column":17},"end":{"line":210,"column":69}},"79":{"start":{"line":211,"column":4},"end":{"line":233,"column":5}},"80":{"start":{"line":212,"column":30},"end":{"line":215,"column":null}},"81":{"start":{"line":217,"column":6},"end":{"line":232,"column":7}},"82":{"start":{"line":218,"column":26},"end":{"line":222,"column":10}},"83":{"start":{"line":223,"column":8},"end":{"line":227,"column":11}},"84":{"start":{"line":229,"column":8},"end":{"line":231,"column":65}},"85":{"start":{"line":235,"column":4},"end":{"line":235,"column":24}},"86":{"start":{"line":207,"column":13},"end":{"line":207,"column":25}}},"fnMap":{"0":{"name":"(anonymous_1)","decl":{"start":{"line":20,"column":26},"end":{"line":20,"column":31}},"loc":{"start":{"line":20,"column":64},"end":{"line":89,"column":1}}},"1":{"name":"(anonymous_2)","decl":{"start":{"line":91,"column":26},"end":{"line":91,"column":31}},"loc":{"start":{"line":91,"column":64},"end":{"line":152,"column":1}}},"2":{"name":"(anonymous_3)","decl":{"start":{"line":154,"column":26},"end":{"line":154,"column":31}},"loc":{"start":{"line":154,"column":64},"end":{"line":205,"column":1}}},"3":{"name":"(anonymous_4)","decl":{"start":{"line":207,"column":25},"end":{"line":207,"column":30}},"loc":{"start":{"line":207,"column":63},"end":{"line":237,"column":1}}}},"branchMap":{"0":{"loc":{"start":{"line":28,"column":4},"end":{"line":33,"column":5}},"type":"if","locations":[{"start":{"line":28,"column":4},"end":{"line":33,"column":5}}]},"1":{"loc":{"start":{"line":36,"column":4},"end":{"line":41,"column":5}},"type":"if","locations":[{"start":{"line":36,"column":4},"end":{"line":41,"column":5}}]},"2":{"loc":{"start":{"line":58,"column":4},"end":{"line":85,"column":5}},"type":"if","locations":[{"start":{"line":58,"column":4},"end":{"line":85,"column":5}}]},"3":{"loc":{"start":{"line":62,"column":20},"end":{"line":62,"column":44}},"type":"binary-expr","locations":[{"start":{"line":62,"column":20},"end":{"line":62,"column":35}},{"start":{"line":62,"column":39},"end":{"line":62,"column":44}}]},"4":{"loc":{"start":{"line":96,"column":4},"end":{"line":144,"column":5}},"type":"if","locations":[{"start":{"line":96,"column":4},"end":{"line":144,"column":5}},{"start":{"line":139,"column":11},"end":{"line":144,"column":5}}]},"5":{"loc":{"start":{"line":98,"column":6},"end":{"line":101,"column":63}},"type":"if","locations":[{"start":{"line":98,"column":6},"end":{"line":101,"column":63}}]},"6":{"loc":{"start":{"line":102,"column":6},"end":{"line":106,"column":11}},"type":"if","locations":[{"start":{"line":102,"column":6},"end":{"line":106,"column":11}}]},"7":{"loc":{"start":{"line":108,"column":6},"end":{"line":113,"column":7}},"type":"if","locations":[{"start":{"line":108,"column":6},"end":{"line":113,"column":7}}]},"8":{"loc":{"start":{"line":115,"column":6},"end":{"line":120,"column":7}},"type":"if","locations":[{"start":{"line":115,"column":6},"end":{"line":120,"column":7}}]},"9":{"loc":{"start":{"line":127,"column":6},"end":{"line":132,"column":7}},"type":"if","locations":[{"start":{"line":127,"column":6},"end":{"line":132,"column":7}}]},"10":{"loc":{"start":{"line":157,"column":4},"end":{"line":198,"column":5}},"type":"if","locations":[{"start":{"line":157,"column":4},"end":{"line":198,"column":5}},{"start":{"line":194,"column":11},"end":{"line":198,"column":5}}]},"11":{"loc":{"start":{"line":160,"column":6},"end":{"line":163,"column":63}},"type":"if","locations":[{"start":{"line":160,"column":6},"end":{"line":163,"column":63}}]},"12":{"loc":{"start":{"line":164,"column":6},"end":{"line":193,"column":7}},"type":"if","locations":[{"start":{"line":164,"column":6},"end":{"line":193,"column":7}}]},"13":{"loc":{"start":{"line":164,"column":10},"end":{"line":164,"column":53}},"type":"binary-expr","locations":[{"start":{"line":164,"column":10},"end":{"line":164,"column":27}},{"start":{"line":164,"column":31},"end":{"line":164,"column":53}}]},"14":{"loc":{"start":{"line":169,"column":8},"end":{"line":173,"column":9}},"type":"if","locations":[{"start":{"line":169,"column":8},"end":{"line":173,"column":9}}]},"15":{"loc":{"start":{"line":211,"column":4},"end":{"line":233,"column":5}},"type":"if","locations":[{"start":{"line":211,"column":4},"end":{"line":233,"column":5}}]},"16":{"loc":{"start":{"line":217,"column":6},"end":{"line":232,"column":7}},"type":"if","locations":[{"start":{"line":217,"column":6},"end":{"line":232,"column":7}},{"start":{"line":228,"column":13},"end":{"line":232,"column":7}}]},"17":{"loc":{"start":{"line":221,"column":22},"end":{"line":221,"column":46}},"type":"binary-expr","locations":[{"start":{"line":221,"column":22},"end":{"line":221,"column":37}},{"start":{"line":221,"column":41},"end":{"line":221,"column":46}}]}},"s":{"0":1,"1":1,"2":1,"3":1,"4":1,"5":1,"6":1,"7":0,"8":0,"9":0,"10":0,"11":0,"12":0,"13":0,"14":0,"15":0,"16":0,"17":0,"18":0,"19":0,"20":0,"21":0,"22":0,"23":0,"24":0,"25":0,"26":0,"27":0,"28":1,"29":1,"30":0,"31":0,"32":0,"33":0,"34":0,"35":0,"36":0,"37":0,"38":0,"39":0,"40":0,"41":0,"42":0,"43":0,"44":0,"45":0,"46":0,"47":0,"48":0,"49":0,"50":0,"51":1,"52":1,"53":0,"54":0,"55":0,"56":0,"57":0,"58":0,"59":0,"60":0,"61":0,"62":0,"63":0,"64":0,"65":0,"66":0,"67":0,"68":0,"69":0,"70":0,"71":0,"72":0,"73":0,"74":1,"75":1,"76":0,"77":0,"78":0,"79":0,"80":0,"81":0,"82":0,"83":0,"84":0,"85":0,"86":1},"f":{"0":0,"1":0,"2":0,"3":0},"b":{"0":[0],"1":[0],"2":[0],"3":[0,0],"4":[0,0],"5":[0],"6":[0],"7":[0],"8":[0],"9":[0],"10":[0,0],"11":[0],"12":[0],"13":[0,0],"14":[0],"15":[0],"16":[0,0],"17":[0,0]}}
,"/Users/decagon/Desktop/Main-New/mainstack-interview/src/errors/bad-request-error.ts": {"path":"/Users/decagon/Desktop/Main-New/mainstack-interview/src/errors/bad-request-error.ts","statementMap":{"0":{"start":{"line":1,"column":0},"end":{"line":1,"column":45}},"1":{"start":{"line":4,"column":15},"end":{"line":4,"column":18}},"2":{"start":{"line":7,"column":4},"end":{"line":7,"column":19}},"3":{"start":{"line":6,"column":21},"end":{"line":6,"column":36}},"4":{"start":{"line":9,"column":4},"end":{"line":9,"column":59}},"5":{"start":{"line":13,"column":4},"end":{"line":13,"column":39}},"6":{"start":{"line":3,"column":0},"end":{"line":3,"column":13}}},"fnMap":{"0":{"name":"(anonymous_0)","decl":{"start":{"line":6,"column":2},"end":{"line":6,"column":21}},"loc":{"start":{"line":6,"column":36},"end":{"line":10,"column":3}}},"1":{"name":"(anonymous_1)","decl":{"start":{"line":12,"column":2},"end":{"line":12,"column":17}},"loc":{"start":{"line":12,"column":17},"end":{"line":14,"column":3}}}},"branchMap":{},"s":{"0":1,"1":0,"2":0,"3":0,"4":0,"5":0,"6":1},"f":{"0":0,"1":0},"b":{}}
,"/Users/decagon/Desktop/Main-New/mainstack-interview/src/errors/custom-error.ts": {"path":"/Users/decagon/Desktop/Main-New/mainstack-interview/src/errors/custom-error.ts","statementMap":{"0":{"start":{"line":5,"column":4},"end":{"line":5,"column":19}},"1":{"start":{"line":7,"column":4},"end":{"line":7,"column":55}},"2":{"start":{"line":1,"column":0},"end":{"line":1,"column":22}}},"fnMap":{"0":{"name":"(anonymous_0)","decl":{"start":{"line":4,"column":2},"end":{"line":4,"column":14}},"loc":{"start":{"line":4,"column":29},"end":{"line":8,"column":3}}}},"branchMap":{},"s":{"0":0,"1":0,"2":1},"f":{"0":0},"b":{}}
,"/Users/decagon/Desktop/Main-New/mainstack-interview/src/errors/database-conn-error.ts": {"path":"/Users/decagon/Desktop/Main-New/mainstack-interview/src/errors/database-conn-error.ts","statementMap":{"0":{"start":{"line":1,"column":0},"end":{"line":1,"column":45}},"1":{"start":{"line":4,"column":15},"end":{"line":4,"column":18}},"2":{"start":{"line":5,"column":11},"end":{"line":5,"column":41}},"3":{"start":{"line":8,"column":4},"end":{"line":8,"column":36}},"4":{"start":{"line":10,"column":4},"end":{"line":10,"column":67}},"5":{"start":{"line":14,"column":4},"end":{"line":14,"column":38}},"6":{"start":{"line":3,"column":0},"end":{"line":3,"column":13}}},"fnMap":{"0":{"name":"(anonymous_0)","decl":{"start":{"line":7,"column":2},"end":{"line":7,"column":null}},"loc":{"start":{"line":7,"column":2},"end":{"line":11,"column":3}}},"1":{"name":"(anonymous_1)","decl":{"start":{"line":13,"column":2},"end":{"line":13,"column":17}},"loc":{"start":{"line":13,"column":17},"end":{"line":15,"column":3}}}},"branchMap":{},"s":{"0":1,"1":0,"2":0,"3":0,"4":0,"5":0,"6":1},"f":{"0":0,"1":0},"b":{}}
,"/Users/decagon/Desktop/Main-New/mainstack-interview/src/errors/index.ts": {"path":"/Users/decagon/Desktop/Main-New/mainstack-interview/src/errors/index.ts","statementMap":{"0":{"start":{"line":1,"column":0},"end":{"line":1,"column":31}},"1":{"start":{"line":2,"column":0},"end":{"line":2,"column":38}},"2":{"start":{"line":3,"column":0},"end":{"line":3,"column":43}},"3":{"start":{"line":4,"column":0},"end":{"line":4,"column":34}},"4":{"start":{"line":5,"column":0},"end":{"line":5,"column":39}},"5":{"start":{"line":6,"column":0},"end":{"line":6,"column":36}}},"fnMap":{},"branchMap":{},"s":{"0":1,"1":1,"2":1,"3":1,"4":1,"5":1},"f":{},"b":{}}
,"/Users/decagon/Desktop/Main-New/mainstack-interview/src/errors/not-authorized-error.ts": {"path":"/Users/decagon/Desktop/Main-New/mainstack-interview/src/errors/not-authorized-error.ts","statementMap":{"0":{"start":{"line":1,"column":0},"end":{"line":1,"column":45}},"1":{"start":{"line":4,"column":15},"end":{"line":4,"column":18}},"2":{"start":{"line":7,"column":4},"end":{"line":7,"column":28}},"3":{"start":{"line":9,"column":4},"end":{"line":9,"column":62}},"4":{"start":{"line":13,"column":4},"end":{"line":13,"column":43}},"5":{"start":{"line":3,"column":0},"end":{"line":3,"column":13}}},"fnMap":{"0":{"name":"(anonymous_0)","decl":{"start":{"line":6,"column":2},"end":{"line":6,"column":null}},"loc":{"start":{"line":6,"column":2},"end":{"line":10,"column":3}}},"1":{"name":"(anonymous_1)","decl":{"start":{"line":12,"column":2},"end":{"line":12,"column":17}},"loc":{"start":{"line":12,"column":17},"end":{"line":14,"column":3}}}},"branchMap":{},"s":{"0":1,"1":0,"2":0,"3":0,"4":0,"5":1},"f":{"0":0,"1":0},"b":{}}
,"/Users/decagon/Desktop/Main-New/mainstack-interview/src/errors/not-found-error.ts": {"path":"/Users/decagon/Desktop/Main-New/mainstack-interview/src/errors/not-found-error.ts","statementMap":{"0":{"start":{"line":1,"column":0},"end":{"line":1,"column":45}},"1":{"start":{"line":4,"column":15},"end":{"line":4,"column":18}},"2":{"start":{"line":7,"column":4},"end":{"line":7,"column":29}},"3":{"start":{"line":9,"column":4},"end":{"line":9,"column":57}},"4":{"start":{"line":13,"column":4},"end":{"line":13,"column":38}},"5":{"start":{"line":3,"column":0},"end":{"line":3,"column":13}}},"fnMap":{"0":{"name":"(anonymous_0)","decl":{"start":{"line":6,"column":2},"end":{"line":6,"column":null}},"loc":{"start":{"line":6,"column":2},"end":{"line":10,"column":3}}},"1":{"name":"(anonymous_1)","decl":{"start":{"line":12,"column":2},"end":{"line":12,"column":17}},"loc":{"start":{"line":12,"column":17},"end":{"line":14,"column":3}}}},"branchMap":{},"s":{"0":1,"1":0,"2":0,"3":0,"4":0,"5":1},"f":{"0":0,"1":0},"b":{}}
,"/Users/decagon/Desktop/Main-New/mainstack-interview/src/errors/request-validation-error.ts": {"path":"/Users/decagon/Desktop/Main-New/mainstack-interview/src/errors/request-validation-error.ts","statementMap":{"0":{"start":{"line":2,"column":0},"end":{"line":2,"column":45}},"1":{"start":{"line":5,"column":15},"end":{"line":5,"column":18}},"2":{"start":{"line":8,"column":4},"end":{"line":8,"column":40}},"3":{"start":{"line":7,"column":21},"end":{"line":7,"column":46}},"4":{"start":{"line":11,"column":4},"end":{"line":11,"column":66}},"5":{"start":{"line":15,"column":4},"end":{"line":20,"column":7}},"6":{"start":{"line":16,"column":6},"end":{"line":18,"column":7}},"7":{"start":{"line":17,"column":8},"end":{"line":17,"column":53}},"8":{"start":{"line":19,"column":6},"end":{"line":19,"column":34}},"9":{"start":{"line":4,"column":0},"end":{"line":4,"column":13}}},"fnMap":{"0":{"name":"(anonymous_0)","decl":{"start":{"line":7,"column":2},"end":{"line":7,"column":21}},"loc":{"start":{"line":7,"column":46},"end":{"line":12,"column":3}}},"1":{"name":"(anonymous_1)","decl":{"start":{"line":14,"column":2},"end":{"line":14,"column":17}},"loc":{"start":{"line":14,"column":17},"end":{"line":21,"column":3}}},"2":{"name":"(anonymous_2)","decl":{"start":{"line":15,"column":27},"end":{"line":15,"column":28}},"loc":{"start":{"line":15,"column":35},"end":{"line":20,"column":5}}}},"branchMap":{"0":{"loc":{"start":{"line":16,"column":6},"end":{"line":18,"column":7}},"type":"if","locations":[{"start":{"line":16,"column":6},"end":{"line":18,"column":7}}]}},"s":{"0":1,"1":0,"2":0,"3":0,"4":0,"5":0,"6":0,"7":0,"8":0,"9":1},"f":{"0":0,"1":0,"2":0},"b":{"0":[0]}}
,"/Users/decagon/Desktop/Main-New/mainstack-interview/src/mailer/index.ts": {"path":"/Users/decagon/Desktop/Main-New/mainstack-interview/src/mailer/index.ts","statementMap":{"0":{"start":{"line":1,"column":0},"end":{"line":1,"column":31}},"1":{"start":{"line":2,"column":0},"end":{"line":2,"column":27}}},"fnMap":{},"branchMap":{},"s":{"0":1,"1":1},"f":{},"b":{}}
,"/Users/decagon/Desktop/Main-New/mainstack-interview/src/mailer/mailTemplate.ts": {"path":"/Users/decagon/Desktop/Main-New/mainstack-interview/src/mailer/mailTemplate.ts","statementMap":{"0":{"start":{"line":5,"column":15},"end":{"line":5,"column":60}},"1":{"start":{"line":6,"column":18},"end":{"line":6,"column":57}},"2":{"start":{"line":7,"column":18},"end":{"line":7,"column":57}},"3":{"start":{"line":8,"column":15},"end":{"line":26,"column":10}},"4":{"start":{"line":27,"column":2},"end":{"line":27,"column":14}},"5":{"start":{"line":1,"column":0},"end":{"line":1,"column":16}},"6":{"start":{"line":30,"column":29},"end":{"line":38,"column":1}},"7":{"start":{"line":31,"column":15},"end":{"line":36,"column":6}},"8":{"start":{"line":37,"column":2},"end":{"line":37,"column":14}},"9":{"start":{"line":30,"column":13},"end":{"line":30,"column":29}},"10":{"start":{"line":40,"column":15},"end":{"line":48,"column":10}},"11":{"start":{"line":49,"column":2},"end":{"line":49,"column":14}},"12":{"start":{"line":39,"column":0},"end":{"line":39,"column":16}},"13":{"start":{"line":53,"column":15},"end":{"line":61,"column":10}},"14":{"start":{"line":62,"column":2},"end":{"line":62,"column":14}},"15":{"start":{"line":52,"column":0},"end":{"line":52,"column":16}},"16":{"start":{"line":66,"column":15},"end":{"line":66,"column":68}},"17":{"start":{"line":67,"column":15},"end":{"line":84,"column":10}},"18":{"start":{"line":85,"column":2},"end":{"line":85,"column":14}},"19":{"start":{"line":65,"column":0},"end":{"line":65,"column":16}},"20":{"start":{"line":88,"column":15},"end":{"line":88,"column":68}},"21":{"start":{"line":89,"column":15},"end":{"line":106,"column":10}},"22":{"start":{"line":107,"column":2},"end":{"line":107,"column":14}},"23":{"start":{"line":87,"column":0},"end":{"line":87,"column":16}}},"fnMap":{"0":{"name":"emailVerificationView","decl":{"start":{"line":1,"column":16},"end":{"line":1,"column":37}},"loc":{"start":{"line":3,"column":23},"end":{"line":28,"column":1}}},"1":{"name":"(anonymous_1)","decl":{"start":{"line":30,"column":29},"end":{"line":30,"column":30}},"loc":{"start":{"line":30,"column":45},"end":{"line":38,"column":1}}},"2":{"name":"htmlTemplate","decl":{"start":{"line":39,"column":16},"end":{"line":39,"column":28}},"loc":{"start":{"line":39,"column":40},"end":{"line":50,"column":1}}},"3":{"name":"otpMessage","decl":{"start":{"line":52,"column":16},"end":{"line":52,"column":26}},"loc":{"start":{"line":52,"column":43},"end":{"line":63,"column":1}}},"4":{"name":"emailVerification","decl":{"start":{"line":65,"column":16},"end":{"line":65,"column":33}},"loc":{"start":{"line":65,"column":33},"end":{"line":86,"column":1}}},"5":{"name":"teacherEmailVerification","decl":{"start":{"line":87,"column":16},"end":{"line":87,"column":40}},"loc":{"start":{"line":87,"column":40},"end":{"line":108,"column":1}}}},"branchMap":{},"s":{"0":0,"1":0,"2":0,"3":0,"4":0,"5":1,"6":1,"7":0,"8":0,"9":1,"10":0,"11":0,"12":1,"13":0,"14":0,"15":1,"16":0,"17":0,"18":0,"19":1,"20":0,"21":0,"22":0,"23":1},"f":{"0":0,"1":0,"2":0,"3":0,"4":0,"5":0},"b":{}}
,"/Users/decagon/Desktop/Main-New/mainstack-interview/src/mailer/sendMail.ts": {"path":"/Users/decagon/Desktop/Main-New/mainstack-interview/src/mailer/sendMail.ts","statementMap":{"0":{"start":{"line":1,"column":0},"end":{"line":1,"column":36}},"1":{"start":{"line":3,"column":20},"end":{"line":3,"column":52}},"2":{"start":{"line":4,"column":20},"end":{"line":4,"column":52}},"3":{"start":{"line":5,"column":17},"end":{"line":5,"column":43}},"4":{"start":{"line":7,"column":18},"end":{"line":16,"column":2}},"5":{"start":{"line":17,"column":0},"end":{"line":31,"column":2}},"6":{"start":{"line":24,"column":4},"end":{"line":29,"column":7}},"7":{"start":{"line":25,"column":6},"end":{"line":28,"column":9}},"8":{"start":{"line":26,"column":8},"end":{"line":26,"column":29}},"9":{"start":{"line":26,"column":17},"end":{"line":26,"column":29}},"10":{"start":{"line":27,"column":8},"end":{"line":27,"column":22}}},"fnMap":{"0":{"name":"(anonymous_1)","decl":{"start":{"line":18,"column":2},"end":{"line":18,"column":11}},"loc":{"start":{"line":22,"column":16},"end":{"line":30,"column":3}}},"1":{"name":"(anonymous_2)","decl":{"start":{"line":24,"column":23},"end":{"line":24,"column":24}},"loc":{"start":{"line":24,"column":43},"end":{"line":29,"column":5}}},"2":{"name":"(anonymous_3)","decl":{"start":{"line":25,"column":64},"end":{"line":25,"column":65}},"loc":{"start":{"line":25,"column":78},"end":{"line":28,"column":7}}}},"branchMap":{"0":{"loc":{"start":{"line":26,"column":8},"end":{"line":26,"column":29}},"type":"if","locations":[{"start":{"line":26,"column":8},"end":{"line":26,"column":29}}]}},"s":{"0":1,"1":1,"2":1,"3":1,"4":1,"5":1,"6":0,"7":0,"8":0,"9":0,"10":0},"f":{"0":0,"1":0,"2":0},"b":{"0":[0]}}
,"/Users/decagon/Desktop/Main-New/mainstack-interview/src/middleware/commonAuth.ts": {"path":"/Users/decagon/Desktop/Main-New/mainstack-interview/src/middleware/commonAuth.ts","statementMap":{"0":{"start":{"line":2,"column":0},"end":{"line":2,"column":53}},"1":{"start":{"line":4,"column":30},"end":{"line":28,"column":1}},"2":{"start":{"line":9,"column":2},"end":{"line":27,"column":3}},"3":{"start":{"line":10,"column":21},"end":{"line":10,"column":54}},"4":{"start":{"line":12,"column":4},"end":{"line":20,"column":5}},"5":{"start":{"line":13,"column":6},"end":{"line":13,"column":13}},"6":{"start":{"line":15,"column":6},"end":{"line":15,"column":75}},"7":{"start":{"line":16,"column":6},"end":{"line":19,"column":9}},"8":{"start":{"line":22,"column":4},"end":{"line":22,"column":65}},"9":{"start":{"line":23,"column":4},"end":{"line":26,"column":7}},"10":{"start":{"line":4,"column":13},"end":{"line":4,"column":30}}},"fnMap":{"0":{"name":"(anonymous_0)","decl":{"start":{"line":4,"column":30},"end":{"line":4,"column":35}},"loc":{"start":{"line":8,"column":4},"end":{"line":28,"column":1}}}},"branchMap":{"0":{"loc":{"start":{"line":12,"column":4},"end":{"line":20,"column":5}},"type":"if","locations":[{"start":{"line":12,"column":4},"end":{"line":20,"column":5}},{"start":{"line":14,"column":11},"end":{"line":20,"column":5}}]}},"s":{"0":1,"1":1,"2":0,"3":0,"4":0,"5":0,"6":0,"7":0,"8":0,"9":0,"10":1},"f":{"0":0},"b":{"0":[0,0]}}
,"/Users/decagon/Desktop/Main-New/mainstack-interview/src/middleware/errorHandler.ts": {"path":"/Users/decagon/Desktop/Main-New/mainstack-interview/src/middleware/errorHandler.ts","statementMap":{"0":{"start":{"line":1,"column":0},"end":{"line":1,"column":34}},"1":{"start":{"line":3,"column":0},"end":{"line":3,"column":53}},"2":{"start":{"line":6,"column":49},"end":{"line":15,"column":1}},"3":{"start":{"line":7,"column":2},"end":{"line":7,"column":39}},"4":{"start":{"line":8,"column":2},"end":{"line":10,"column":3}},"5":{"start":{"line":9,"column":4},"end":{"line":9,"column":78}},"6":{"start":{"line":12,"column":2},"end":{"line":14,"column":5}},"7":{"start":{"line":6,"column":13},"end":{"line":6,"column":49}}},"fnMap":{"0":{"name":"(anonymous_0)","decl":{"start":{"line":6,"column":49},"end":{"line":6,"column":50}},"loc":{"start":{"line":6,"column":73},"end":{"line":15,"column":1}}}},"branchMap":{"0":{"loc":{"start":{"line":8,"column":2},"end":{"line":10,"column":3}},"type":"if","locations":[{"start":{"line":8,"column":2},"end":{"line":10,"column":3}}]}},"s":{"0":1,"1":1,"2":1,"3":0,"4":0,"5":0,"6":0,"7":1},"f":{"0":0},"b":{"0":[0]}}
,"/Users/decagon/Desktop/Main-New/mainstack-interview/src/middleware/httpLogger.ts": {"path":"/Users/decagon/Desktop/Main-New/mainstack-interview/src/middleware/httpLogger.ts","statementMap":{"0":{"start":{"line":1,"column":0},"end":{"line":1,"column":33}},"1":{"start":{"line":3,"column":13},"end":{"line":25,"column":3}},"2":{"start":{"line":7,"column":4},"end":{"line":13,"column":5}},"3":{"start":{"line":8,"column":6},"end":{"line":8,"column":20}},"4":{"start":{"line":9,"column":11},"end":{"line":13,"column":5}},"5":{"start":{"line":10,"column":6},"end":{"line":10,"column":21}},"6":{"start":{"line":11,"column":11},"end":{"line":13,"column":5}},"7":{"start":{"line":12,"column":6},"end":{"line":12,"column":22}},"8":{"start":{"line":14,"column":4},"end":{"line":14,"column":18}}},"fnMap":{"0":{"name":"(anonymous_1)","decl":{"start":{"line":6,"column":18},"end":{"line":6,"column":28}},"loc":{"start":{"line":6,"column":41},"end":{"line":15,"column":3}}}},"branchMap":{"0":{"loc":{"start":{"line":7,"column":4},"end":{"line":13,"column":5}},"type":"if","locations":[{"start":{"line":7,"column":4},"end":{"line":13,"column":5}},{"start":{"line":9,"column":11},"end":{"line":13,"column":5}}]},"1":{"loc":{"start":{"line":7,"column":8},"end":{"line":7,"column":53}},"type":"binary-expr","locations":[{"start":{"line":7,"column":8},"end":{"line":7,"column":29}},{"start":{"line":7,"column":33},"end":{"line":7,"column":53}}]},"2":{"loc":{"start":{"line":9,"column":11},"end":{"line":13,"column":5}},"type":"if","locations":[{"start":{"line":9,"column":11},"end":{"line":13,"column":5}},{"start":{"line":11,"column":11},"end":{"line":13,"column":5}}]},"3":{"loc":{"start":{"line":9,"column":15},"end":{"line":9,"column":43}},"type":"binary-expr","locations":[{"start":{"line":9,"column":15},"end":{"line":9,"column":36}},{"start":{"line":9,"column":40},"end":{"line":9,"column":43}}]},"4":{"loc":{"start":{"line":11,"column":11},"end":{"line":13,"column":5}},"type":"if","locations":[{"start":{"line":11,"column":11},"end":{"line":13,"column":5}}]},"5":{"loc":{"start":{"line":11,"column":15},"end":{"line":11,"column":60}},"type":"binary-expr","locations":[{"start":{"line":11,"column":15},"end":{"line":11,"column":36}},{"start":{"line":11,"column":40},"end":{"line":11,"column":60}}]}},"s":{"0":1,"1":1,"2":1,"3":0,"4":1,"5":0,"6":1,"7":0,"8":1},"f":{"0":1},"b":{"0":[0,1],"1":[1,0],"2":[0,1],"3":[1,1],"4":[0],"5":[1,0]}}
,"/Users/decagon/Desktop/Main-New/mainstack-interview/src/middleware/index.ts": {"path":"/Users/decagon/Desktop/Main-New/mainstack-interview/src/middleware/index.ts","statementMap":{"0":{"start":{"line":1,"column":0},"end":{"line":1,"column":31}},"1":{"start":{"line":2,"column":0},"end":{"line":2,"column":29}},"2":{"start":{"line":3,"column":0},"end":{"line":3,"column":32}},"3":{"start":{"line":4,"column":0},"end":{"line":4,"column":29}}},"fnMap":{},"branchMap":{},"s":{"0":1,"1":1,"2":1,"3":1},"f":{},"b":{}}
,"/Users/decagon/Desktop/Main-New/mainstack-interview/src/middleware/validateInput.ts": {"path":"/Users/decagon/Desktop/Main-New/mainstack-interview/src/middleware/validateInput.ts","statementMap":{"0":{"start":{"line":2,"column":0},"end":{"line":2,"column":null}},"1":{"start":{"line":9,"column":30},"end":{"line":19,"column":1}},"2":{"start":{"line":14,"column":20},"end":{"line":14,"column":49}},"3":{"start":{"line":15,"column":2},"end":{"line":17,"column":3}},"4":{"start":{"line":16,"column":4},"end":{"line":16,"column":59}},"5":{"start":{"line":18,"column":2},"end":{"line":18,"column":9}},"6":{"start":{"line":9,"column":13},"end":{"line":9,"column":30}},"7":{"start":{"line":21,"column":29},"end":{"line":31,"column":1}},"8":{"start":{"line":26,"column":20},"end":{"line":26,"column":48}},"9":{"start":{"line":27,"column":2},"end":{"line":29,"column":3}},"10":{"start":{"line":28,"column":4},"end":{"line":28,"column":59}},"11":{"start":{"line":30,"column":2},"end":{"line":30,"column":9}},"12":{"start":{"line":21,"column":13},"end":{"line":21,"column":29}},"13":{"start":{"line":33,"column":30},"end":{"line":43,"column":1}},"14":{"start":{"line":38,"column":20},"end":{"line":38,"column":49}},"15":{"start":{"line":39,"column":2},"end":{"line":41,"column":3}},"16":{"start":{"line":40,"column":4},"end":{"line":40,"column":59}},"17":{"start":{"line":42,"column":2},"end":{"line":42,"column":9}},"18":{"start":{"line":33,"column":13},"end":{"line":33,"column":30}},"19":{"start":{"line":45,"column":31},"end":{"line":55,"column":1}},"20":{"start":{"line":50,"column":20},"end":{"line":50,"column":56}},"21":{"start":{"line":51,"column":2},"end":{"line":53,"column":3}},"22":{"start":{"line":52,"column":4},"end":{"line":52,"column":59}},"23":{"start":{"line":54,"column":2},"end":{"line":54,"column":9}},"24":{"start":{"line":45,"column":13},"end":{"line":45,"column":31}}},"fnMap":{"0":{"name":"(anonymous_0)","decl":{"start":{"line":9,"column":30},"end":{"line":9,"column":null}},"loc":{"start":{"line":13,"column":4},"end":{"line":19,"column":1}}},"1":{"name":"(anonymous_1)","decl":{"start":{"line":21,"column":29},"end":{"line":21,"column":null}},"loc":{"start":{"line":25,"column":4},"end":{"line":31,"column":1}}},"2":{"name":"(anonymous_2)","decl":{"start":{"line":33,"column":30},"end":{"line":33,"column":null}},"loc":{"start":{"line":37,"column":4},"end":{"line":43,"column":1}}},"3":{"name":"(anonymous_3)","decl":{"start":{"line":45,"column":31},"end":{"line":45,"column":null}},"loc":{"start":{"line":49,"column":4},"end":{"line":55,"column":1}}}},"branchMap":{"0":{"loc":{"start":{"line":15,"column":2},"end":{"line":17,"column":3}},"type":"if","locations":[{"start":{"line":15,"column":2},"end":{"line":17,"column":3}}]},"1":{"loc":{"start":{"line":27,"column":2},"end":{"line":29,"column":3}},"type":"if","locations":[{"start":{"line":27,"column":2},"end":{"line":29,"column":3}}]},"2":{"loc":{"start":{"line":39,"column":2},"end":{"line":41,"column":3}},"type":"if","locations":[{"start":{"line":39,"column":2},"end":{"line":41,"column":3}}]},"3":{"loc":{"start":{"line":51,"column":2},"end":{"line":53,"column":3}},"type":"if","locations":[{"start":{"line":51,"column":2},"end":{"line":53,"column":3}}]}},"s":{"0":1,"1":1,"2":0,"3":0,"4":0,"5":0,"6":1,"7":1,"8":0,"9":0,"10":0,"11":0,"12":1,"13":1,"14":0,"15":0,"16":0,"17":0,"18":1,"19":1,"20":0,"21":0,"22":0,"23":0,"24":1},"f":{"0":0,"1":0,"2":0,"3":0},"b":{"0":[0],"1":[0],"2":[0],"3":[0]}}
,"/Users/decagon/Desktop/Main-New/mainstack-interview/src/models/index.ts": {"path":"/Users/decagon/Desktop/Main-New/mainstack-interview/src/models/index.ts","statementMap":{"0":{"start":{"line":1,"column":0},"end":{"line":1,"column":28}},"1":{"start":{"line":2,"column":0},"end":{"line":2,"column":31}}},"fnMap":{},"branchMap":{},"s":{"0":1,"1":1},"f":{},"b":{}}
,"/Users/decagon/Desktop/Main-New/mainstack-interview/src/models/productModel.ts": {"path":"/Users/decagon/Desktop/Main-New/mainstack-interview/src/models/productModel.ts","statementMap":{"0":{"start":{"line":1,"column":0},"end":{"line":1,"column":44}},"1":{"start":{"line":4,"column":22},"end":{"line":29,"column":2}},"2":{"start":{"line":31,"column":13},"end":{"line":34,"column":2}}},"fnMap":{},"branchMap":{},"s":{"0":1,"1":1,"2":1},"f":{},"b":{}}
,"/Users/decagon/Desktop/Main-New/mainstack-interview/src/models/userModel.ts": {"path":"/Users/decagon/Desktop/Main-New/mainstack-interview/src/models/userModel.ts","statementMap":{"0":{"start":{"line":1,"column":0},"end":{"line":1,"column":44}},"1":{"start":{"line":4,"column":19},"end":{"line":41,"column":2}},"2":{"start":{"line":43,"column":13},"end":{"line":43,"column":71}}},"fnMap":{},"branchMap":{},"s":{"0":1,"1":1,"2":1},"f":{},"b":{}}
,"/Users/decagon/Desktop/Main-New/mainstack-interview/src/routes/healthCheckRoute.ts": {"path":"/Users/decagon/Desktop/Main-New/mainstack-interview/src/routes/healthCheckRoute.ts","statementMap":{"0":{"start":{"line":1,"column":0},"end":{"line":1,"column":53}},"1":{"start":{"line":3,"column":15},"end":{"line":3,"column":31}},"2":{"start":{"line":9,"column":19},"end":{"line":9,"column":38}},"3":{"start":{"line":5,"column":0},"end":{"line":7,"column":3}},"4":{"start":{"line":6,"column":2},"end":{"line":6,"column":73}}},"fnMap":{"0":{"name":"(anonymous_1)","decl":{"start":{"line":5,"column":16},"end":{"line":5,"column":17}},"loc":{"start":{"line":5,"column":48},"end":{"line":7,"column":1}}}},"branchMap":{},"s":{"0":1,"1":1,"2":1,"3":1,"4":1},"f":{"0":1},"b":{}}
,"/Users/decagon/Desktop/Main-New/mainstack-interview/src/routes/index.ts": {"path":"/Users/decagon/Desktop/Main-New/mainstack-interview/src/routes/index.ts","statementMap":{"0":{"start":{"line":1,"column":0},"end":{"line":1,"column":28}},"1":{"start":{"line":2,"column":0},"end":{"line":2,"column":35}}},"fnMap":{},"branchMap":{},"s":{"0":1,"1":1},"f":{},"b":{}}
,"/Users/decagon/Desktop/Main-New/mainstack-interview/src/routes/userRoute.ts": {"path":"/Users/decagon/Desktop/Main-New/mainstack-interview/src/routes/userRoute.ts","statementMap":{"0":{"start":{"line":1,"column":0},"end":{"line":1,"column":30}},"1":{"start":{"line":2,"column":0},"end":{"line":2,"column":77}},"2":{"start":{"line":3,"column":0},"end":{"line":3,"column":77}},"3":{"start":{"line":5,"column":15},"end":{"line":5,"column":31}},"4":{"start":{"line":10,"column":19},"end":{"line":10,"column":29}},"5":{"start":{"line":6,"column":0},"end":{"line":6,"column":56}},"6":{"start":{"line":7,"column":0},"end":{"line":7,"column":48}},"7":{"start":{"line":8,"column":0},"end":{"line":8,"column":51}},"8":{"start":{"line":9,"column":0},"end":{"line":9,"column":56}}},"fnMap":{},"branchMap":{},"s":{"0":1,"1":1,"2":1,"3":1,"4":1,"5":1,"6":1,"7":1,"8":1},"f":{},"b":{}}
,"/Users/decagon/Desktop/Main-New/mainstack-interview/src/utills/index.ts": {"path":"/Users/decagon/Desktop/Main-New/mainstack-interview/src/utills/index.ts","statementMap":{"0":{"start":{"line":1,"column":0},"end":{"line":1,"column":25}},"1":{"start":{"line":2,"column":0},"end":{"line":2,"column":28}},"2":{"start":{"line":3,"column":0},"end":{"line":3,"column":26}},"3":{"start":{"line":4,"column":0},"end":{"line":4,"column":32}},"4":{"start":{"line":5,"column":0},"end":{"line":5,"column":22}}},"fnMap":{},"branchMap":{},"s":{"0":1,"1":1,"2":1,"3":1,"4":1},"f":{},"b":{}}
,"/Users/decagon/Desktop/Main-New/mainstack-interview/src/utills/logger.ts": {"path":"/Users/decagon/Desktop/Main-New/mainstack-interview/src/utills/logger.ts","statementMap":{"0":{"start":{"line":1,"column":0},"end":{"line":1,"column":24}},"1":{"start":{"line":3,"column":18},"end":{"line":13,"column":2}},"2":{"start":{"line":15,"column":13},"end":{"line":15,"column":38}}},"fnMap":{},"branchMap":{},"s":{"0":1,"1":1,"2":1},"f":{},"b":{}}
,"/Users/decagon/Desktop/Main-New/mainstack-interview/src/utills/otp.ts": {"path":"/Users/decagon/Desktop/Main-New/mainstack-interview/src/utills/otp.ts","statementMap":{"0":{"start":{"line":1,"column":27},"end":{"line":6,"column":1}},"1":{"start":{"line":2,"column":14},"end":{"line":2,"column":57}},"2":{"start":{"line":3,"column":21},"end":{"line":3,"column":31}},"3":{"start":{"line":4,"column":2},"end":{"line":4,"column":59}},"4":{"start":{"line":5,"column":2},"end":{"line":5,"column":29}},"5":{"start":{"line":1,"column":13},"end":{"line":1,"column":27}}},"fnMap":{"0":{"name":"(anonymous_0)","decl":{"start":{"line":1,"column":27},"end":{"line":1,"column":30}},"loc":{"start":{"line":1,"column":32},"end":{"line":6,"column":1}}}},"branchMap":{},"s":{"0":1,"1":0,"2":0,"3":0,"4":0,"5":1},"f":{"0":0},"b":{}}
,"/Users/decagon/Desktop/Main-New/mainstack-interview/src/utills/signature.ts": {"path":"/Users/decagon/Desktop/Main-New/mainstack-interview/src/utills/signature.ts","statementMap":{"0":{"start":{"line":2,"column":0},"end":{"line":2,"column":31}},"1":{"start":{"line":3,"column":0},"end":{"line":3,"column":30}},"2":{"start":{"line":5,"column":0},"end":{"line":5,"column":34}},"3":{"start":{"line":7,"column":19},"end":{"line":7,"column":53}},"4":{"start":{"line":9,"column":33},"end":{"line":11,"column":1}},"5":{"start":{"line":10,"column":2},"end":{"line":10,"column":60}},"6":{"start":{"line":9,"column":13},"end":{"line":9,"column":33}},"7":{"start":{"line":13,"column":33},"end":{"line":28,"column":1}},"8":{"start":{"line":14,"column":20},"end":{"line":14,"column":68}},"9":{"start":{"line":16,"column":2},"end":{"line":18,"column":3}},"10":{"start":{"line":17,"column":4},"end":{"line":17,"column":17}},"11":{"start":{"line":20,"column":2},"end":{"line":27,"column":3}},"12":{"start":{"line":21,"column":20},"end":{"line":21,"column":53}},"13":{"start":{"line":22,"column":4},"end":{"line":22,"column":30}},"14":{"start":{"line":24,"column":4},"end":{"line":24,"column":16}},"15":{"start":{"line":26,"column":4},"end":{"line":26,"column":17}},"16":{"start":{"line":13,"column":13},"end":{"line":13,"column":33}},"17":{"start":{"line":30,"column":28},"end":{"line":32,"column":1}},"18":{"start":{"line":31,"column":2},"end":{"line":31,"column":32}},"19":{"start":{"line":30,"column":13},"end":{"line":30,"column":28}},"20":{"start":{"line":34,"column":32},"end":{"line":36,"column":1}},"21":{"start":{"line":35,"column":2},"end":{"line":35,"column":43}},"22":{"start":{"line":34,"column":13},"end":{"line":34,"column":32}},"23":{"start":{"line":38,"column":29},"end":{"line":47,"column":1}},"24":{"start":{"line":39,"column":2},"end":{"line":46,"column":3}},"25":{"start":{"line":40,"column":17},"end":{"line":40,"column":49}},"26":{"start":{"line":41,"column":22},"end":{"line":41,"column":58}},"27":{"start":{"line":43,"column":4},"end":{"line":43,"column":21}},"28":{"start":{"line":45,"column":4},"end":{"line":45,"column":24}},"29":{"start":{"line":38,"column":13},"end":{"line":38,"column":29}},"30":{"start":{"line":49,"column":26},"end":{"line":56,"column":1}},"31":{"start":{"line":50,"column":2},"end":{"line":55,"column":3}},"32":{"start":{"line":51,"column":20},"end":{"line":51,"column":61}},"33":{"start":{"line":52,"column":4},"end":{"line":52,"column":19}},"34":{"start":{"line":54,"column":4},"end":{"line":54,"column":24}},"35":{"start":{"line":49,"column":13},"end":{"line":49,"column":26}},"36":{"start":{"line":58,"column":32},"end":{"line":65,"column":1}},"37":{"start":{"line":63,"column":28},"end":{"line":63,"column":66}},"38":{"start":{"line":64,"column":2},"end":{"line":64,"column":46}},"39":{"start":{"line":58,"column":13},"end":{"line":58,"column":32}}},"fnMap":{"0":{"name":"(anonymous_1)","decl":{"start":{"line":9,"column":33},"end":{"line":9,"column":38}},"loc":{"start":{"line":9,"column":64},"end":{"line":11,"column":1}}},"1":{"name":"(anonymous_2)","decl":{"start":{"line":13,"column":33},"end":{"line":13,"column":38}},"loc":{"start":{"line":13,"column":71},"end":{"line":28,"column":1}}},"2":{"name":"(anonymous_3)","decl":{"start":{"line":30,"column":28},"end":{"line":30,"column":33}},"loc":{"start":{"line":30,"column":39},"end":{"line":32,"column":1}}},"3":{"name":"(anonymous_4)","decl":{"start":{"line":34,"column":32},"end":{"line":34,"column":37}},"loc":{"start":{"line":34,"column":73},"end":{"line":36,"column":1}}},"4":{"name":"(anonymous_5)","decl":{"start":{"line":38,"column":29},"end":{"line":38,"column":34}},"loc":{"start":{"line":38,"column":76},"end":{"line":47,"column":1}}},"5":{"name":"(anonymous_6)","decl":{"start":{"line":49,"column":26},"end":{"line":49,"column":31}},"loc":{"start":{"line":49,"column":72},"end":{"line":56,"column":1}}},"6":{"name":"(anonymous_7)","decl":{"start":{"line":58,"column":32},"end":{"line":58,"column":37}},"loc":{"start":{"line":62,"column":4},"end":{"line":65,"column":1}}}},"branchMap":{"0":{"loc":{"start":{"line":7,"column":19},"end":{"line":7,"column":53}},"type":"binary-expr","locations":[{"start":{"line":7,"column":19},"end":{"line":7,"column":41}},{"start":{"line":7,"column":45},"end":{"line":7,"column":53}}]},"1":{"loc":{"start":{"line":16,"column":2},"end":{"line":18,"column":3}},"type":"if","locations":[{"start":{"line":16,"column":2},"end":{"line":18,"column":3}}]},"2":{"loc":{"start":{"line":38,"column":49},"end":{"line":38,"column":72}},"type":"default-arg","locations":[{"start":{"line":38,"column":70},"end":{"line":38,"column":72}}]}},"s":{"0":1,"1":1,"2":1,"3":1,"4":1,"5":0,"6":1,"7":1,"8":0,"9":0,"10":0,"11":0,"12":0,"13":0,"14":0,"15":0,"16":1,"17":1,"18":0,"19":1,"20":1,"21":0,"22":1,"23":1,"24":0,"25":0,"26":0,"27":0,"28":0,"29":1,"30":1,"31":0,"32":0,"33":0,"34":0,"35":1,"36":1,"37":0,"38":0,"39":1},"f":{"0":0,"1":0,"2":0,"3":0,"4":0,"5":0,"6":0},"b":{"0":[1,0],"1":[0],"2":[0]}}
,"/Users/decagon/Desktop/Main-New/mainstack-interview/src/utills/storage.ts": {"path":"/Users/decagon/Desktop/Main-New/mainstack-interview/src/utills/storage.ts","statementMap":{"0":{"start":{"line":1,"column":0},"end":{"line":1,"column":46}},"1":{"start":{"line":2,"column":0},"end":{"line":2,"column":28}},"2":{"start":{"line":3,"column":0},"end":{"line":3,"column":38}},"3":{"start":{"line":5,"column":16},"end":{"line":5,"column":38}},"4":{"start":{"line":7,"column":13},"end":{"line":7,"column":42}},"5":{"start":{"line":9,"column":17},"end":{"line":9,"column":57}},"6":{"start":{"line":10,"column":19},"end":{"line":10,"column":66}},"7":{"start":{"line":11,"column":19},"end":{"line":11,"column":62}},"8":{"start":{"line":13,"column":0},"end":{"line":17,"column":3}},"9":{"start":{"line":21,"column":34},"end":{"line":45,"column":1}},"10":{"start":{"line":25,"column":21},"end":{"line":25,"column":62}},"11":{"start":{"line":26,"column":2},"end":{"line":44,"column":5}},"12":{"start":{"line":27,"column":25},"end":{"line":40,"column":null}},"13":{"start":{"line":30,"column":8},"end":{"line":39,"column":9}},"14":{"start":{"line":31,"column":10},"end":{"line":31,"column":24}},"15":{"start":{"line":33,"column":28},"end":{"line":33,"column":46}},"16":{"start":{"line":34,"column":10},"end":{"line":38,"column":11}},"17":{"start":{"line":35,"column":12},"end":{"line":35,"column":31}},"18":{"start":{"line":37,"column":12},"end":{"line":37,"column":68}},"19":{"start":{"line":43,"column":4},"end":{"line":43,"column":34}},"20":{"start":{"line":21,"column":13},"end":{"line":21,"column":34}}},"fnMap":{"0":{"name":"(anonymous_1)","decl":{"start":{"line":21,"column":34},"end":{"line":21,"column":39}},"loc":{"start":{"line":24,"column":21},"end":{"line":45,"column":1}}},"1":{"name":"(anonymous_2)","decl":{"start":{"line":26,"column":29},"end":{"line":26,"column":30}},"loc":{"start":{"line":26,"column":49},"end":{"line":44,"column":3}}},"2":{"name":"(anonymous_3)","decl":{"start":{"line":29,"column":6},"end":{"line":29,"column":7}},"loc":{"start":{"line":29,"column":24},"end":{"line":40,"column":7}}}},"branchMap":{"0":{"loc":{"start":{"line":28,"column":23},"end":{"line":28,"column":70}},"type":"cond-expr","locations":[{"start":{"line":28,"column":50},"end":{"line":28,"column":55}},{"start":{"line":28,"column":58},"end":{"line":28,"column":70}}]},"1":{"loc":{"start":{"line":30,"column":8},"end":{"line":39,"column":9}},"type":"if","locations":[{"start":{"line":30,"column":8},"end":{"line":39,"column":9}},{"start":{"line":32,"column":15},"end":{"line":39,"column":9}}]},"2":{"loc":{"start":{"line":34,"column":10},"end":{"line":38,"column":11}},"type":"if","locations":[{"start":{"line":34,"column":10},"end":{"line":38,"column":11}},{"start":{"line":36,"column":17},"end":{"line":38,"column":11}}]}},"s":{"0":1,"1":1,"2":1,"3":1,"4":1,"5":1,"6":1,"7":1,"8":1,"9":1,"10":0,"11":0,"12":0,"13":0,"14":0,"15":0,"16":0,"17":0,"18":0,"19":0,"20":1},"f":{"0":0,"1":0,"2":0},"b":{"0":[0,0],"1":[0,0],"2":[0,0]}}
,"/Users/decagon/Desktop/Main-New/mainstack-interview/src/utills/validateUtils.ts": {"path":"/Users/decagon/Desktop/Main-New/mainstack-interview/src/utills/validateUtils.ts","statementMap":{"0":{"start":{"line":1,"column":0},"end":{"line":1,"column":22}},"1":{"start":{"line":3,"column":13},"end":{"line":11,"column":3}},"2":{"start":{"line":13,"column":13},"end":{"line":16,"column":3}},"3":{"start":{"line":18,"column":13},"end":{"line":21,"column":3}},"4":{"start":{"line":23,"column":13},"end":{"line":25,"column":3}},"5":{"start":{"line":27,"column":13},"end":{"line":30,"column":3}},"6":{"start":{"line":32,"column":13},"end":{"line":35,"column":3}},"7":{"start":{"line":37,"column":13},"end":{"line":41,"column":3}}},"fnMap":{},"branchMap":{},"s":{"0":1,"1":1,"2":1,"3":1,"4":1,"5":1,"6":1,"7":1},"f":{},"b":{}}
}
